{"/Users/pauloo/Desktop/abhidhamma-ai-agente and book translations/abhidhamma-pitaka-trilingue-site/src/app.ts": {"path":"/Users/pauloo/Desktop/abhidhamma-ai-agente and book translations/abhidhamma-pitaka-trilingue-site/src/app.ts","statementMap":{"0":{"start":{"line":27,"column":12},"end":{"line":27,"column":null}},"1":{"start":{"line":30,"column":16},"end":{"line":30,"column":null}},"2":{"start":{"line":31,"column":2},"end":{"line":31,"column":null}},"3":{"start":{"line":31,"column":14},"end":{"line":31,"column":null}},"4":{"start":{"line":32,"column":2},"end":{"line":32,"column":null}},"5":{"start":{"line":43,"column":24},"end":{"line":49,"column":null}},"6":{"start":{"line":52,"column":2},"end":{"line":52,"column":null}},"7":{"start":{"line":52,"column":23},"end":{"line":52,"column":null}},"8":{"start":{"line":53,"column":2},"end":{"line":56,"column":null}},"9":{"start":{"line":54,"column":18},"end":{"line":54,"column":null}},"10":{"start":{"line":54,"column":36},"end":{"line":54,"column":51}},"11":{"start":{"line":55,"column":4},"end":{"line":55,"column":null}},"12":{"start":{"line":55,"column":15},"end":{"line":55,"column":null}},"13":{"start":{"line":57,"column":2},"end":{"line":57,"column":null}},"14":{"start":{"line":61,"column":2},"end":{"line":61,"column":null}},"15":{"start":{"line":61,"column":23},"end":{"line":61,"column":null}},"16":{"start":{"line":62,"column":2},"end":{"line":65,"column":null}},"17":{"start":{"line":64,"column":6},"end":{"line":64,"column":null}},"18":{"start":{"line":64,"column":45},"end":{"line":64,"column":60}},"19":{"start":{"line":70,"column":16},"end":{"line":70,"column":null}},"20":{"start":{"line":71,"column":22},"end":{"line":71,"column":null}},"21":{"start":{"line":72,"column":22},"end":{"line":72,"column":null}},"22":{"start":{"line":73,"column":29},"end":{"line":73,"column":null}},"23":{"start":{"line":74,"column":2},"end":{"line":78,"column":null}},"24":{"start":{"line":75,"column":4},"end":{"line":77,"column":null}},"25":{"start":{"line":79,"column":2},"end":{"line":83,"column":null}},"26":{"start":{"line":80,"column":4},"end":{"line":82,"column":null}},"27":{"start":{"line":88,"column":2},"end":{"line":91,"column":null}},"28":{"start":{"line":89,"column":4},"end":{"line":89,"column":null}},"29":{"start":{"line":90,"column":4},"end":{"line":90,"column":null}},"30":{"start":{"line":92,"column":2},"end":{"line":92,"column":null}},"31":{"start":{"line":93,"column":2},"end":{"line":93,"column":null}},"32":{"start":{"line":94,"column":4},"end":{"line":94,"column":null}},"33":{"start":{"line":95,"column":2},"end":{"line":95,"column":null}},"34":{"start":{"line":99,"column":20},"end":{"line":99,"column":null}},"35":{"start":{"line":100,"column":16},"end":{"line":100,"column":null}},"36":{"start":{"line":102,"column":13},"end":{"line":102,"column":null}},"37":{"start":{"line":103,"column":2},"end":{"line":105,"column":null}},"38":{"start":{"line":104,"column":4},"end":{"line":104,"column":null}},"39":{"start":{"line":110,"column":2},"end":{"line":115,"column":null}},"40":{"start":{"line":114,"column":4},"end":{"line":114,"column":null}},"41":{"start":{"line":119,"column":21},"end":{"line":119,"column":null}},"42":{"start":{"line":120,"column":2},"end":{"line":120,"column":null}},"43":{"start":{"line":121,"column":2},"end":{"line":123,"column":null}},"44":{"start":{"line":122,"column":4},"end":{"line":122,"column":null}},"45":{"start":{"line":124,"column":19},"end":{"line":126,"column":null}},"46":{"start":{"line":125,"column":4},"end":{"line":125,"column":null}},"47":{"start":{"line":125,"column":43},"end":{"line":125,"column":66}},"48":{"start":{"line":127,"column":2},"end":{"line":127,"column":null}},"49":{"start":{"line":131,"column":17},"end":{"line":131,"column":null}},"50":{"start":{"line":132,"column":2},"end":{"line":132,"column":null}},"51":{"start":{"line":133,"column":2},"end":{"line":133,"column":null}},"52":{"start":{"line":133,"column":19},"end":{"line":133,"column":null}},"53":{"start":{"line":134,"column":2},"end":{"line":143,"column":null}},"54":{"start":{"line":135,"column":17},"end":{"line":135,"column":null}},"55":{"start":{"line":136,"column":4},"end":{"line":136,"column":null}},"56":{"start":{"line":136,"column":15},"end":{"line":136,"column":null}},"57":{"start":{"line":137,"column":16},"end":{"line":137,"column":null}},"58":{"start":{"line":138,"column":4},"end":{"line":138,"column":null}},"59":{"start":{"line":139,"column":4},"end":{"line":139,"column":null}},"60":{"start":{"line":140,"column":4},"end":{"line":140,"column":null}},"61":{"start":{"line":140,"column":35},"end":{"line":140,"column":null}},"62":{"start":{"line":141,"column":4},"end":{"line":141,"column":null}},"63":{"start":{"line":141,"column":40},"end":{"line":141,"column":83}},"64":{"start":{"line":142,"column":4},"end":{"line":142,"column":null}},"65":{"start":{"line":147,"column":2},"end":{"line":147,"column":null}},"66":{"start":{"line":147,"column":37},"end":{"line":147,"column":null}},"67":{"start":{"line":148,"column":15},"end":{"line":148,"column":null}},"68":{"start":{"line":149,"column":2},"end":{"line":149,"column":null}},"69":{"start":{"line":149,"column":13},"end":{"line":149,"column":null}},"70":{"start":{"line":150,"column":16},"end":{"line":150,"column":null}},"71":{"start":{"line":151,"column":2},"end":{"line":151,"column":null}},"72":{"start":{"line":152,"column":2},"end":{"line":152,"column":null}},"73":{"start":{"line":153,"column":2},"end":{"line":153,"column":null}},"74":{"start":{"line":157,"column":2},"end":{"line":165,"column":null}},"75":{"start":{"line":158,"column":13},"end":{"line":158,"column":16}},"76":{"start":{"line":158,"column":21},"end":{"line":158,"column":null}},"77":{"start":{"line":159,"column":4},"end":{"line":163,"column":null}},"78":{"start":{"line":160,"column":19},"end":{"line":160,"column":null}},"79":{"start":{"line":161,"column":6},"end":{"line":162,"column":null}},"80":{"start":{"line":161,"column":43},"end":{"line":161,"column":null}},"81":{"start":{"line":162,"column":11},"end":{"line":162,"column":null}},"82":{"start":{"line":164,"column":4},"end":{"line":164,"column":null}},"83":{"start":{"line":166,"column":2},"end":{"line":169,"column":null}},"84":{"start":{"line":167,"column":17},"end":{"line":167,"column":null}},"85":{"start":{"line":168,"column":4},"end":{"line":168,"column":null}},"86":{"start":{"line":170,"column":2},"end":{"line":170,"column":null}},"87":{"start":{"line":174,"column":14},"end":{"line":174,"column":null}},"88":{"start":{"line":175,"column":2},"end":{"line":175,"column":null}},"89":{"start":{"line":175,"column":12},"end":{"line":175,"column":null}},"90":{"start":{"line":176,"column":15},"end":{"line":176,"column":null}},"91":{"start":{"line":177,"column":14},"end":{"line":177,"column":null}},"92":{"start":{"line":178,"column":2},"end":{"line":178,"column":null}},"93":{"start":{"line":178,"column":12},"end":{"line":178,"column":null}},"94":{"start":{"line":179,"column":2},"end":{"line":179,"column":null}},"95":{"start":{"line":179,"column":13},"end":{"line":179,"column":43}},"96":{"start":{"line":179,"column":43},"end":{"line":179,"column":87}},"97":{"start":{"line":183,"column":16},"end":{"line":183,"column":null}},"98":{"start":{"line":184,"column":2},"end":{"line":184,"column":null}},"99":{"start":{"line":186,"column":2},"end":{"line":186,"column":null}},"100":{"start":{"line":186,"column":39},"end":{"line":186,"column":60}},"101":{"start":{"line":186,"column":60},"end":{"line":186,"column":68}},"102":{"start":{"line":187,"column":15},"end":{"line":187,"column":null}},"103":{"start":{"line":188,"column":2},"end":{"line":188,"column":null}},"104":{"start":{"line":188,"column":15},"end":{"line":188,"column":36}},"105":{"start":{"line":188,"column":36},"end":{"line":188,"column":44}},"106":{"start":{"line":190,"column":19},"end":{"line":190,"column":null}},"107":{"start":{"line":190,"column":42},"end":{"line":190,"column":62}},"108":{"start":{"line":191,"column":2},"end":{"line":191,"column":null}},"109":{"start":{"line":191,"column":31},"end":{"line":191,"column":52}},"110":{"start":{"line":191,"column":52},"end":{"line":191,"column":60}},"111":{"start":{"line":192,"column":2},"end":{"line":192,"column":null}},"112":{"start":{"line":194,"column":14},"end":{"line":194,"column":null}},"113":{"start":{"line":195,"column":2},"end":{"line":195,"column":null}},"114":{"start":{"line":196,"column":2},"end":{"line":196,"column":null}},"115":{"start":{"line":197,"column":2},"end":{"line":199,"column":null}},"116":{"start":{"line":201,"column":15},"end":{"line":201,"column":null}},"117":{"start":{"line":202,"column":2},"end":{"line":202,"column":null}},"118":{"start":{"line":203,"column":2},"end":{"line":203,"column":null}},"119":{"start":{"line":205,"column":2},"end":{"line":222,"column":null}},"120":{"start":{"line":205,"column":15},"end":{"line":205,"column":18}},"121":{"start":{"line":206,"column":18},"end":{"line":206,"column":null}},"122":{"start":{"line":207,"column":21},"end":{"line":207,"column":null}},"123":{"start":{"line":208,"column":15},"end":{"line":208,"column":null}},"124":{"start":{"line":209,"column":20},"end":{"line":209,"column":null}},"125":{"start":{"line":210,"column":4},"end":{"line":210,"column":null}},"126":{"start":{"line":211,"column":4},"end":{"line":211,"column":null}},"127":{"start":{"line":212,"column":21},"end":{"line":212,"column":null}},"128":{"start":{"line":213,"column":4},"end":{"line":213,"column":null}},"129":{"start":{"line":214,"column":4},"end":{"line":214,"column":null}},"130":{"start":{"line":215,"column":4},"end":{"line":215,"column":null}},"131":{"start":{"line":216,"column":4},"end":{"line":216,"column":null}},"132":{"start":{"line":217,"column":4},"end":{"line":220,"column":null}},"133":{"start":{"line":218,"column":6},"end":{"line":218,"column":null}},"134":{"start":{"line":219,"column":6},"end":{"line":219,"column":null}},"135":{"start":{"line":221,"column":4},"end":{"line":221,"column":null}},"136":{"start":{"line":224,"column":2},"end":{"line":230,"column":null}},"137":{"start":{"line":225,"column":20},"end":{"line":225,"column":null}},"138":{"start":{"line":226,"column":4},"end":{"line":226,"column":null}},"139":{"start":{"line":227,"column":4},"end":{"line":227,"column":null}},"140":{"start":{"line":228,"column":4},"end":{"line":228,"column":null}},"141":{"start":{"line":229,"column":4},"end":{"line":229,"column":null}},"142":{"start":{"line":232,"column":2},"end":{"line":232,"column":null}},"143":{"start":{"line":233,"column":2},"end":{"line":233,"column":null}},"144":{"start":{"line":237,"column":18},"end":{"line":237,"column":null}},"145":{"start":{"line":238,"column":2},"end":{"line":241,"column":null}},"146":{"start":{"line":239,"column":4},"end":{"line":239,"column":null}},"147":{"start":{"line":240,"column":4},"end":{"line":240,"column":null}},"148":{"start":{"line":242,"column":2},"end":{"line":242,"column":null}},"149":{"start":{"line":243,"column":2},"end":{"line":243,"column":null}},"150":{"start":{"line":244,"column":2},"end":{"line":244,"column":null}},"151":{"start":{"line":245,"column":2},"end":{"line":245,"column":null}},"152":{"start":{"line":249,"column":15},"end":{"line":249,"column":null}},"153":{"start":{"line":250,"column":2},"end":{"line":253,"column":null}},"154":{"start":{"line":251,"column":4},"end":{"line":251,"column":null}},"155":{"start":{"line":252,"column":4},"end":{"line":252,"column":null}},"156":{"start":{"line":254,"column":15},"end":{"line":254,"column":null}},"157":{"start":{"line":255,"column":2},"end":{"line":258,"column":null}},"158":{"start":{"line":256,"column":4},"end":{"line":256,"column":null}},"159":{"start":{"line":257,"column":4},"end":{"line":257,"column":null}},"160":{"start":{"line":260,"column":2},"end":{"line":260,"column":null}},"161":{"start":{"line":261,"column":2},"end":{"line":261,"column":null}},"162":{"start":{"line":262,"column":2},"end":{"line":262,"column":null}},"163":{"start":{"line":265,"column":20},"end":{"line":265,"column":null}},"164":{"start":{"line":266,"column":2},"end":{"line":269,"column":null}},"165":{"start":{"line":267,"column":4},"end":{"line":267,"column":null}},"166":{"start":{"line":268,"column":4},"end":{"line":268,"column":null}},"167":{"start":{"line":271,"column":2},"end":{"line":271,"column":null}},"168":{"start":{"line":272,"column":2},"end":{"line":272,"column":null}},"169":{"start":{"line":273,"column":2},"end":{"line":273,"column":null}},"170":{"start":{"line":274,"column":2},"end":{"line":274,"column":null}},"171":{"start":{"line":275,"column":2},"end":{"line":275,"column":null}},"172":{"start":{"line":276,"column":2},"end":{"line":276,"column":null}},"173":{"start":{"line":278,"column":19},"end":{"line":278,"column":null}},"174":{"start":{"line":279,"column":2},"end":{"line":282,"column":null}},"175":{"start":{"line":280,"column":4},"end":{"line":280,"column":null}},"176":{"start":{"line":281,"column":4},"end":{"line":281,"column":null}},"177":{"start":{"line":284,"column":2},"end":{"line":290,"column":null}},"178":{"start":{"line":285,"column":4},"end":{"line":285,"column":null}},"179":{"start":{"line":287,"column":4},"end":{"line":287,"column":null}},"180":{"start":{"line":288,"column":4},"end":{"line":288,"column":null}},"181":{"start":{"line":289,"column":4},"end":{"line":289,"column":null}},"182":{"start":{"line":292,"column":2},"end":{"line":292,"column":null}},"183":{"start":{"line":294,"column":2},"end":{"line":301,"column":null}},"184":{"start":{"line":295,"column":19},"end":{"line":295,"column":null}},"185":{"start":{"line":296,"column":4},"end":{"line":300,"column":null}},"186":{"start":{"line":297,"column":6},"end":{"line":297,"column":null}},"187":{"start":{"line":298,"column":6},"end":{"line":298,"column":null}},"188":{"start":{"line":299,"column":6},"end":{"line":299,"column":null}},"189":{"start":{"line":299,"column":23},"end":{"line":299,"column":61}},"190":{"start":{"line":303,"column":2},"end":{"line":308,"column":null}},"191":{"start":{"line":309,"column":2},"end":{"line":309,"column":null}},"192":{"start":{"line":310,"column":2},"end":{"line":310,"column":null}},"193":{"start":{"line":311,"column":2},"end":{"line":311,"column":null}},"194":{"start":{"line":313,"column":2},"end":{"line":321,"column":null}},"195":{"start":{"line":314,"column":22},"end":{"line":314,"column":null}},"196":{"start":{"line":315,"column":24},"end":{"line":315,"column":null}},"197":{"start":{"line":316,"column":4},"end":{"line":320,"column":null}},"198":{"start":{"line":317,"column":6},"end":{"line":317,"column":null}},"199":{"start":{"line":318,"column":6},"end":{"line":318,"column":null}},"200":{"start":{"line":319,"column":6},"end":{"line":319,"column":null}},"201":{"start":{"line":319,"column":23},"end":{"line":319,"column":null}},"202":{"start":{"line":325,"column":17},"end":{"line":325,"column":null}},"203":{"start":{"line":326,"column":2},"end":{"line":326,"column":null}},"204":{"start":{"line":327,"column":18},"end":{"line":327,"column":29}},"205":{"start":{"line":328,"column":2},"end":{"line":331,"column":null}},"206":{"start":{"line":329,"column":4},"end":{"line":329,"column":null}},"207":{"start":{"line":330,"column":4},"end":{"line":330,"column":null}},"208":{"start":{"line":332,"column":2},"end":{"line":338,"column":null}},"209":{"start":{"line":333,"column":16},"end":{"line":333,"column":null}},"210":{"start":{"line":334,"column":4},"end":{"line":334,"column":null}},"211":{"start":{"line":335,"column":4},"end":{"line":335,"column":null}},"212":{"start":{"line":336,"column":4},"end":{"line":336,"column":null}},"213":{"start":{"line":336,"column":40},"end":{"line":336,"column":97}},"214":{"start":{"line":337,"column":4},"end":{"line":337,"column":null}},"215":{"start":{"line":342,"column":17},"end":{"line":342,"column":null}},"216":{"start":{"line":343,"column":2},"end":{"line":343,"column":null}},"217":{"start":{"line":344,"column":20},"end":{"line":344,"column":33}},"218":{"start":{"line":345,"column":2},"end":{"line":348,"column":null}},"219":{"start":{"line":346,"column":4},"end":{"line":346,"column":null}},"220":{"start":{"line":347,"column":4},"end":{"line":347,"column":null}},"221":{"start":{"line":349,"column":2},"end":{"line":355,"column":null}},"222":{"start":{"line":350,"column":16},"end":{"line":350,"column":null}},"223":{"start":{"line":351,"column":4},"end":{"line":351,"column":null}},"224":{"start":{"line":352,"column":4},"end":{"line":352,"column":null}},"225":{"start":{"line":353,"column":4},"end":{"line":353,"column":null}},"226":{"start":{"line":353,"column":40},"end":{"line":353,"column":110}},"227":{"start":{"line":354,"column":4},"end":{"line":354,"column":null}},"228":{"start":{"line":361,"column":18},"end":{"line":361,"column":null}},"229":{"start":{"line":362,"column":17},"end":{"line":362,"column":null}},"230":{"start":{"line":363,"column":20},"end":{"line":363,"column":null}},"231":{"start":{"line":364,"column":22},"end":{"line":364,"column":null}},"232":{"start":{"line":365,"column":15},"end":{"line":365,"column":null}},"233":{"start":{"line":366,"column":16},"end":{"line":366,"column":null}},"234":{"start":{"line":367,"column":16},"end":{"line":367,"column":null}},"235":{"start":{"line":370,"column":4},"end":{"line":370,"column":null}},"236":{"start":{"line":374,"column":14},"end":{"line":374,"column":null}},"237":{"start":{"line":375,"column":4},"end":{"line":375,"column":null}},"238":{"start":{"line":375,"column":15},"end":{"line":375,"column":null}},"239":{"start":{"line":376,"column":4},"end":{"line":376,"column":null}},"240":{"start":{"line":377,"column":4},"end":{"line":377,"column":null}},"241":{"start":{"line":378,"column":4},"end":{"line":378,"column":null}},"242":{"start":{"line":378,"column":21},"end":{"line":378,"column":65}},"243":{"start":{"line":382,"column":18},"end":{"line":382,"column":null}},"244":{"start":{"line":383,"column":14},"end":{"line":383,"column":null}},"245":{"start":{"line":384,"column":4},"end":{"line":384,"column":null}},"246":{"start":{"line":385,"column":4},"end":{"line":385,"column":null}},"247":{"start":{"line":386,"column":4},"end":{"line":386,"column":null}},"248":{"start":{"line":389,"column":17},"end":{"line":389,"column":null}},"249":{"start":{"line":390,"column":2},"end":{"line":393,"column":null}},"250":{"start":{"line":391,"column":14},"end":{"line":391,"column":null}},"251":{"start":{"line":392,"column":4},"end":{"line":392,"column":null}},"252":{"start":{"line":392,"column":20},"end":{"line":392,"column":null}},"253":{"start":{"line":395,"column":28},"end":{"line":395,"column":null}},"254":{"start":{"line":396,"column":23},"end":{"line":396,"column":null}},"255":{"start":{"line":397,"column":24},"end":{"line":397,"column":null}},"256":{"start":{"line":398,"column":17},"end":{"line":398,"column":null}},"257":{"start":{"line":399,"column":20},"end":{"line":399,"column":null}},"258":{"start":{"line":400,"column":22},"end":{"line":400,"column":null}},"259":{"start":{"line":403,"column":25},"end":{"line":403,"column":null}},"260":{"start":{"line":404,"column":4},"end":{"line":404,"column":null}},"261":{"start":{"line":405,"column":4},"end":{"line":405,"column":null}},"262":{"start":{"line":406,"column":4},"end":{"line":406,"column":null}},"263":{"start":{"line":407,"column":4},"end":{"line":407,"column":null}},"264":{"start":{"line":408,"column":4},"end":{"line":408,"column":null}},"265":{"start":{"line":411,"column":2},"end":{"line":426,"column":null}},"266":{"start":{"line":412,"column":6},"end":{"line":412,"column":null}},"267":{"start":{"line":412,"column":19},"end":{"line":412,"column":null}},"268":{"start":{"line":413,"column":23},"end":{"line":413,"column":null}},"269":{"start":{"line":414,"column":27},"end":{"line":414,"column":null}},"270":{"start":{"line":416,"column":6},"end":{"line":420,"column":null}},"271":{"start":{"line":417,"column":8},"end":{"line":417,"column":null}},"272":{"start":{"line":417,"column":56},"end":{"line":417,"column":null}},"273":{"start":{"line":419,"column":8},"end":{"line":419,"column":null}},"274":{"start":{"line":422,"column":6},"end":{"line":422,"column":null}},"275":{"start":{"line":422,"column":29},"end":{"line":422,"column":85}},"276":{"start":{"line":423,"column":6},"end":{"line":423,"column":null}},"277":{"start":{"line":423,"column":28},"end":{"line":423,"column":84}},"278":{"start":{"line":424,"column":6},"end":{"line":424,"column":null}},"279":{"start":{"line":425,"column":6},"end":{"line":425,"column":null}},"280":{"start":{"line":425,"column":27},"end":{"line":425,"column":null}},"281":{"start":{"line":428,"column":2},"end":{"line":438,"column":null}},"282":{"start":{"line":429,"column":4},"end":{"line":437,"column":null}},"283":{"start":{"line":430,"column":21},"end":{"line":430,"column":null}},"284":{"start":{"line":431,"column":6},"end":{"line":431,"column":null}},"285":{"start":{"line":431,"column":19},"end":{"line":431,"column":null}},"286":{"start":{"line":432,"column":6},"end":{"line":435,"column":null}},"287":{"start":{"line":433,"column":8},"end":{"line":433,"column":null}},"288":{"start":{"line":434,"column":8},"end":{"line":434,"column":null}},"289":{"start":{"line":436,"column":6},"end":{"line":436,"column":null}},"290":{"start":{"line":440,"column":2},"end":{"line":443,"column":null}},"291":{"start":{"line":441,"column":4},"end":{"line":442,"column":null}},"292":{"start":{"line":441,"column":51},"end":{"line":441,"column":null}},"293":{"start":{"line":442,"column":9},"end":{"line":442,"column":null}},"294":{"start":{"line":445,"column":18},"end":{"line":445,"column":null}},"295":{"start":{"line":446,"column":19},"end":{"line":446,"column":null}},"296":{"start":{"line":447,"column":21},"end":{"line":447,"column":null}},"297":{"start":{"line":448,"column":21},"end":{"line":448,"column":null}},"298":{"start":{"line":450,"column":2},"end":{"line":457,"column":null}},"299":{"start":{"line":451,"column":4},"end":{"line":451,"column":null}},"300":{"start":{"line":452,"column":4},"end":{"line":452,"column":null}},"301":{"start":{"line":453,"column":4},"end":{"line":453,"column":null}},"302":{"start":{"line":454,"column":4},"end":{"line":454,"column":null}},"303":{"start":{"line":455,"column":4},"end":{"line":455,"column":null}},"304":{"start":{"line":456,"column":4},"end":{"line":456,"column":null}},"305":{"start":{"line":459,"column":2},"end":{"line":472,"column":null}},"306":{"start":{"line":460,"column":4},"end":{"line":460,"column":null}},"307":{"start":{"line":460,"column":21},"end":{"line":460,"column":null}},"308":{"start":{"line":461,"column":23},"end":{"line":461,"column":null}},"309":{"start":{"line":462,"column":17},"end":{"line":462,"column":null}},"310":{"start":{"line":463,"column":17},"end":{"line":463,"column":null}},"311":{"start":{"line":464,"column":4},"end":{"line":464,"column":null}},"312":{"start":{"line":465,"column":4},"end":{"line":471,"column":null}},"313":{"start":{"line":466,"column":6},"end":{"line":466,"column":null}},"314":{"start":{"line":467,"column":6},"end":{"line":467,"column":null}},"315":{"start":{"line":469,"column":6},"end":{"line":469,"column":null}},"316":{"start":{"line":470,"column":6},"end":{"line":470,"column":null}},"317":{"start":{"line":474,"column":2},"end":{"line":481,"column":null}},"318":{"start":{"line":475,"column":4},"end":{"line":475,"column":null}},"319":{"start":{"line":475,"column":21},"end":{"line":475,"column":null}},"320":{"start":{"line":476,"column":4},"end":{"line":476,"column":null}},"321":{"start":{"line":477,"column":4},"end":{"line":477,"column":null}},"322":{"start":{"line":478,"column":4},"end":{"line":478,"column":null}},"323":{"start":{"line":479,"column":19},"end":{"line":479,"column":null}},"324":{"start":{"line":480,"column":4},"end":{"line":480,"column":null}},"325":{"start":{"line":480,"column":25},"end":{"line":480,"column":null}},"326":{"start":{"line":485,"column":18},"end":{"line":485,"column":null}},"327":{"start":{"line":486,"column":22},"end":{"line":486,"column":null}},"328":{"start":{"line":488,"column":2},"end":{"line":488,"column":null}},"329":{"start":{"line":489,"column":2},"end":{"line":489,"column":null}},"330":{"start":{"line":489,"column":63},"end":{"line":489,"column":null}},"331":{"start":{"line":490,"column":15},"end":{"line":490,"column":null}},"332":{"start":{"line":491,"column":18},"end":{"line":491,"column":null}},"333":{"start":{"line":493,"column":16},"end":{"line":493,"column":null}},"334":{"start":{"line":495,"column":2},"end":{"line":510,"column":null}},"335":{"start":{"line":498,"column":29},"end":{"line":498,"column":null}},"336":{"start":{"line":500,"column":21},"end":{"line":506,"column":null}},"337":{"start":{"line":507,"column":6},"end":{"line":507,"column":null}},"338":{"start":{"line":508,"column":6},"end":{"line":508,"column":null}},"339":{"start":{"line":512,"column":2},"end":{"line":512,"column":null}},"340":{"start":{"line":515,"column":2},"end":{"line":515,"column":null}},"341":{"start":{"line":515,"column":21},"end":{"line":515,"column":54}},"342":{"start":{"line":519,"column":0},"end":{"line":524,"column":null}},"343":{"start":{"line":520,"column":2},"end":{"line":520,"column":null}},"344":{"start":{"line":521,"column":2},"end":{"line":521,"column":null}},"345":{"start":{"line":522,"column":27},"end":{"line":522,"column":null}},"346":{"start":{"line":523,"column":2},"end":{"line":523,"column":null}},"347":{"start":{"line":523,"column":24},"end":{"line":523,"column":null}},"348":{"start":{"line":527,"column":21},"end":{"line":527,"column":null}},"349":{"start":{"line":528,"column":2},"end":{"line":541,"column":null}},"350":{"start":{"line":529,"column":4},"end":{"line":540,"column":null}},"351":{"start":{"line":530,"column":6},"end":{"line":539,"column":null}},"352":{"start":{"line":531,"column":8},"end":{"line":531,"column":null}},"353":{"start":{"line":532,"column":28},"end":{"line":532,"column":null}},"354":{"start":{"line":533,"column":8},"end":{"line":535,"column":null}},"355":{"start":{"line":534,"column":10},"end":{"line":534,"column":null}},"356":{"start":{"line":536,"column":8},"end":{"line":536,"column":null}},"357":{"start":{"line":537,"column":33},"end":{"line":537,"column":null}},"358":{"start":{"line":538,"column":8},"end":{"line":538,"column":null}},"359":{"start":{"line":538,"column":30},"end":{"line":538,"column":null}},"360":{"start":{"line":542,"column":21},"end":{"line":542,"column":null}},"361":{"start":{"line":543,"column":2},"end":{"line":547,"column":null}},"362":{"start":{"line":544,"column":4},"end":{"line":544,"column":null}},"363":{"start":{"line":545,"column":4},"end":{"line":545,"column":null}},"364":{"start":{"line":546,"column":4},"end":{"line":546,"column":null}},"365":{"start":{"line":549,"column":2},"end":{"line":552,"column":null}},"366":{"start":{"line":550,"column":4},"end":{"line":550,"column":null}},"367":{"start":{"line":551,"column":4},"end":{"line":551,"column":null}},"368":{"start":{"line":553,"column":2},"end":{"line":556,"column":null}},"369":{"start":{"line":554,"column":4},"end":{"line":554,"column":null}},"370":{"start":{"line":555,"column":4},"end":{"line":555,"column":null}},"371":{"start":{"line":558,"column":19},"end":{"line":558,"column":null}},"372":{"start":{"line":559,"column":2},"end":{"line":562,"column":null}},"373":{"start":{"line":560,"column":4},"end":{"line":560,"column":null}},"374":{"start":{"line":561,"column":4},"end":{"line":561,"column":null}},"375":{"start":{"line":564,"column":26},"end":{"line":564,"column":null}},"376":{"start":{"line":565,"column":2},"end":{"line":568,"column":null}},"377":{"start":{"line":566,"column":4},"end":{"line":566,"column":null}},"378":{"start":{"line":567,"column":4},"end":{"line":567,"column":null}},"379":{"start":{"line":572,"column":2},"end":{"line":575,"column":null}},"380":{"start":{"line":573,"column":16},"end":{"line":573,"column":null}},"381":{"start":{"line":574,"column":4},"end":{"line":574,"column":null}},"382":{"start":{"line":574,"column":13},"end":{"line":574,"column":null}},"383":{"start":{"line":576,"column":2},"end":{"line":579,"column":null}},"384":{"start":{"line":577,"column":16},"end":{"line":577,"column":null}},"385":{"start":{"line":578,"column":4},"end":{"line":578,"column":null}},"386":{"start":{"line":578,"column":13},"end":{"line":578,"column":null}},"387":{"start":{"line":580,"column":2},"end":{"line":583,"column":null}},"388":{"start":{"line":581,"column":16},"end":{"line":581,"column":null}},"389":{"start":{"line":582,"column":4},"end":{"line":582,"column":null}},"390":{"start":{"line":582,"column":13},"end":{"line":582,"column":null}},"391":{"start":{"line":587,"column":2},"end":{"line":587,"column":null}},"392":{"start":{"line":588,"column":2},"end":{"line":588,"column":null}},"393":{"start":{"line":589,"column":2},"end":{"line":589,"column":null}},"394":{"start":{"line":589,"column":23},"end":{"line":589,"column":null}},"395":{"start":{"line":590,"column":2},"end":{"line":590,"column":null}},"396":{"start":{"line":590,"column":74},"end":{"line":590,"column":118}},"397":{"start":{"line":591,"column":2},"end":{"line":593,"column":null}},"398":{"start":{"line":592,"column":4},"end":{"line":592,"column":null}},"399":{"start":{"line":594,"column":2},"end":{"line":594,"column":null}},"400":{"start":{"line":595,"column":2},"end":{"line":595,"column":null}},"401":{"start":{"line":596,"column":2},"end":{"line":596,"column":null}},"402":{"start":{"line":597,"column":2},"end":{"line":597,"column":null}},"403":{"start":{"line":598,"column":2},"end":{"line":598,"column":null}},"404":{"start":{"line":599,"column":21},"end":{"line":599,"column":null}},"405":{"start":{"line":600,"column":2},"end":{"line":603,"column":null}},"406":{"start":{"line":601,"column":4},"end":{"line":601,"column":null}},"407":{"start":{"line":602,"column":4},"end":{"line":602,"column":null}},"408":{"start":{"line":602,"column":54},"end":{"line":602,"column":76}},"409":{"start":{"line":607,"column":2},"end":{"line":611,"column":null}},"410":{"start":{"line":608,"column":4},"end":{"line":610,"column":null}},"411":{"start":{"line":609,"column":6},"end":{"line":609,"column":null}},"412":{"start":{"line":612,"column":2},"end":{"line":618,"column":null}},"413":{"start":{"line":613,"column":4},"end":{"line":613,"column":null}},"414":{"start":{"line":613,"column":39},"end":{"line":613,"column":null}},"415":{"start":{"line":614,"column":17},"end":{"line":614,"column":null}},"416":{"start":{"line":615,"column":4},"end":{"line":617,"column":null}},"417":{"start":{"line":616,"column":6},"end":{"line":616,"column":null}},"418":{"start":{"line":631,"column":15},"end":{"line":631,"column":null}},"419":{"start":{"line":632,"column":2},"end":{"line":632,"column":null}},"420":{"start":{"line":632,"column":13},"end":{"line":632,"column":null}},"421":{"start":{"line":634,"column":8},"end":{"line":634,"column":null}},"422":{"start":{"line":635,"column":2},"end":{"line":635,"column":null}},"423":{"start":{"line":635,"column":26},"end":{"line":635,"column":null}},"424":{"start":{"line":637,"column":14},"end":{"line":637,"column":null}},"425":{"start":{"line":640,"column":22},"end":{"line":640,"column":null}},"426":{"start":{"line":641,"column":2},"end":{"line":643,"column":null}},"427":{"start":{"line":642,"column":4},"end":{"line":642,"column":null}},"428":{"start":{"line":645,"column":2},"end":{"line":647,"column":null}},"429":{"start":{"line":646,"column":4},"end":{"line":646,"column":null}},"430":{"start":{"line":649,"column":23},"end":{"line":649,"column":null}},"431":{"start":{"line":650,"column":2},"end":{"line":654,"column":null}},"432":{"start":{"line":651,"column":4},"end":{"line":651,"column":null}},"433":{"start":{"line":652,"column":4},"end":{"line":652,"column":null}},"434":{"start":{"line":653,"column":4},"end":{"line":653,"column":null}},"435":{"start":{"line":656,"column":20},"end":{"line":656,"column":null}},"436":{"start":{"line":657,"column":20},"end":{"line":657,"column":null}},"437":{"start":{"line":658,"column":2},"end":{"line":661,"column":null}},"438":{"start":{"line":659,"column":14},"end":{"line":659,"column":null}},"439":{"start":{"line":660,"column":4},"end":{"line":660,"column":null}},"440":{"start":{"line":660,"column":19},"end":{"line":660,"column":null}},"441":{"start":{"line":662,"column":2},"end":{"line":664,"column":null}},"442":{"start":{"line":663,"column":4},"end":{"line":663,"column":null}},"443":{"start":{"line":665,"column":2},"end":{"line":665,"column":null}},"444":{"start":{"line":669,"column":2},"end":{"line":693,"column":null}},"445":{"start":{"line":670,"column":18},"end":{"line":670,"column":null}},"446":{"start":{"line":671,"column":4},"end":{"line":671,"column":null}},"447":{"start":{"line":671,"column":16},"end":{"line":671,"column":null}},"448":{"start":{"line":674,"column":22},"end":{"line":674,"column":null}},"449":{"start":{"line":675,"column":4},"end":{"line":677,"column":null}},"450":{"start":{"line":676,"column":7},"end":{"line":676,"column":null}},"451":{"start":{"line":679,"column":4},"end":{"line":692,"column":null}},"452":{"start":{"line":680,"column":6},"end":{"line":691,"column":null}},"453":{"start":{"line":681,"column":9},"end":{"line":688,"column":null}},"454":{"start":{"line":682,"column":27},"end":{"line":682,"column":null}},"455":{"start":{"line":683,"column":12},"end":{"line":687,"column":null}},"456":{"start":{"line":684,"column":14},"end":{"line":684,"column":null}},"457":{"start":{"line":685,"column":14},"end":{"line":685,"column":null}},"458":{"start":{"line":686,"column":14},"end":{"line":686,"column":null}},"459":{"start":{"line":686,"column":31},"end":{"line":686,"column":69}},"460":{"start":{"line":690,"column":9},"end":{"line":690,"column":null}},"461":{"start":{"line":697,"column":2},"end":{"line":701,"column":null}},"462":{"start":{"line":698,"column":4},"end":{"line":700,"column":null}},"463":{"start":{"line":699,"column":6},"end":{"line":699,"column":null}},"464":{"start":{"line":703,"column":2},"end":{"line":711,"column":null}},"465":{"start":{"line":704,"column":16},"end":{"line":704,"column":null}},"466":{"start":{"line":705,"column":4},"end":{"line":705,"column":null}},"467":{"start":{"line":705,"column":17},"end":{"line":705,"column":null}},"468":{"start":{"line":706,"column":4},"end":{"line":706,"column":null}},"469":{"start":{"line":708,"column":4},"end":{"line":708,"column":null}},"470":{"start":{"line":709,"column":4},"end":{"line":709,"column":null}},"471":{"start":{"line":710,"column":4},"end":{"line":710,"column":null}},"472":{"start":{"line":713,"column":2},"end":{"line":713,"column":null}},"473":{"start":{"line":714,"column":2},"end":{"line":714,"column":null}},"474":{"start":{"line":715,"column":2},"end":{"line":715,"column":null}},"475":{"start":{"line":715,"column":74},"end":{"line":715,"column":118}},"476":{"start":{"line":716,"column":2},"end":{"line":716,"column":null}},"477":{"start":{"line":717,"column":2},"end":{"line":717,"column":null}},"478":{"start":{"line":718,"column":2},"end":{"line":718,"column":null}},"479":{"start":{"line":719,"column":2},"end":{"line":719,"column":null}},"480":{"start":{"line":720,"column":2},"end":{"line":720,"column":null}},"481":{"start":{"line":721,"column":2},"end":{"line":721,"column":null}},"482":{"start":{"line":722,"column":2},"end":{"line":722,"column":null}},"483":{"start":{"line":723,"column":2},"end":{"line":723,"column":null}},"484":{"start":{"line":724,"column":2},"end":{"line":724,"column":null}},"485":{"start":{"line":725,"column":2},"end":{"line":727,"column":null}},"486":{"start":{"line":726,"column":4},"end":{"line":726,"column":null}},"487":{"start":{"line":728,"column":2},"end":{"line":728,"column":null}},"488":{"start":{"line":729,"column":2},"end":{"line":729,"column":null}},"489":{"start":{"line":729,"column":65},"end":{"line":729,"column":87}},"490":{"start":{"line":730,"column":2},"end":{"line":730,"column":null}},"491":{"start":{"line":731,"column":2},"end":{"line":731,"column":null}},"492":{"start":{"line":733,"column":16},"end":{"line":733,"column":null}},"493":{"start":{"line":734,"column":2},"end":{"line":753,"column":null}},"494":{"start":{"line":735,"column":4},"end":{"line":737,"column":null}},"495":{"start":{"line":736,"column":7},"end":{"line":736,"column":null}},"496":{"start":{"line":738,"column":4},"end":{"line":746,"column":null}},"497":{"start":{"line":739,"column":6},"end":{"line":739,"column":null}},"498":{"start":{"line":741,"column":12},"end":{"line":744,"column":null}},"499":{"start":{"line":748,"column":10},"end":{"line":751,"column":null}},"500":{"start":{"line":756,"column":0},"end":{"line":756,"column":null}},"501":{"start":{"line":759,"column":30},"end":{"line":759,"column":null}},"502":{"start":{"line":760,"column":30},"end":{"line":760,"column":null}},"503":{"start":{"line":762,"column":0},"end":{"line":793,"column":null}},"504":{"start":{"line":763,"column":31},"end":{"line":763,"column":null}},"505":{"start":{"line":764,"column":4},"end":{"line":792,"column":null}},"506":{"start":{"line":765,"column":8},"end":{"line":782,"column":null}},"507":{"start":{"line":766,"column":12},"end":{"line":766,"column":null}},"508":{"start":{"line":767,"column":12},"end":{"line":781,"column":null}},"509":{"start":{"line":769,"column":50},"end":{"line":769,"column":null}},"510":{"start":{"line":770,"column":16},"end":{"line":770,"column":null}},"511":{"start":{"line":771,"column":16},"end":{"line":771,"column":null}},"512":{"start":{"line":774,"column":16},"end":{"line":776,"column":null}},"513":{"start":{"line":775,"column":20},"end":{"line":775,"column":null}},"514":{"start":{"line":778,"column":16},"end":{"line":778,"column":null}},"515":{"start":{"line":779,"column":16},"end":{"line":779,"column":null}},"516":{"start":{"line":780,"column":16},"end":{"line":780,"column":null}},"517":{"start":{"line":785,"column":8},"end":{"line":791,"column":null}},"518":{"start":{"line":786,"column":12},"end":{"line":786,"column":null}},"519":{"start":{"line":787,"column":12},"end":{"line":787,"column":null}},"520":{"start":{"line":789,"column":12},"end":{"line":789,"column":null}},"521":{"start":{"line":790,"column":12},"end":{"line":790,"column":null}},"522":{"start":{"line":795,"column":0},"end":{"line":795,"column":null}}},"fnMap":{"0":{"name":"el","decl":{"start":{"line":29,"column":9},"end":{"line":29,"column":49}},"loc":{"start":{"line":29,"column":64},"end":{"line":33,"column":null}},"line":29},"1":{"name":"findWork","decl":{"start":{"line":51,"column":9},"end":{"line":51,"column":18}},"loc":{"start":{"line":51,"column":52},"end":{"line":58,"column":null}},"line":51},"2":{"name":"(anonymous_2)","decl":{"start":{"line":54,"column":24},"end":{"line":54,"column":30}},"loc":{"start":{"line":54,"column":36},"end":{"line":54,"column":51}},"line":54},"3":{"name":"getWorkGroup","decl":{"start":{"line":60,"column":9},"end":{"line":60,"column":22}},"loc":{"start":{"line":60,"column":53},"end":{"line":67,"column":null}},"line":60},"4":{"name":"(anonymous_4)","decl":{"start":{"line":63,"column":39},"end":{"line":63,"column":45}},"loc":{"start":{"line":64,"column":6},"end":{"line":64,"column":null}},"line":64},"5":{"name":"(anonymous_5)","decl":{"start":{"line":64,"column":33},"end":{"line":64,"column":39}},"loc":{"start":{"line":64,"column":45},"end":{"line":64,"column":60}},"line":64},"6":{"name":"updateSettingsLabels","decl":{"start":{"line":69,"column":9},"end":{"line":69,"column":38}},"loc":{"start":{"line":69,"column":38},"end":{"line":84,"column":null}},"line":69},"7":{"name":"applySettingsToUI","decl":{"start":{"line":86,"column":9},"end":{"line":86,"column":35}},"loc":{"start":{"line":86,"column":35},"end":{"line":96,"column":null}},"line":86},"8":{"name":"updateHash","decl":{"start":{"line":98,"column":9},"end":{"line":98,"column":28}},"loc":{"start":{"line":98,"column":28},"end":{"line":116,"column":null}},"line":98},"9":{"name":"renderBreadcrumb","decl":{"start":{"line":118,"column":9},"end":{"line":118,"column":34}},"loc":{"start":{"line":118,"column":34},"end":{"line":128,"column":null}},"line":118},"10":{"name":"(anonymous_10)","decl":{"start":{"line":124,"column":54},"end":{"line":124,"column":60}},"loc":{"start":{"line":125,"column":4},"end":{"line":125,"column":null}},"line":125},"11":{"name":"(anonymous_11)","decl":{"start":{"line":125,"column":31},"end":{"line":125,"column":37}},"loc":{"start":{"line":125,"column":43},"end":{"line":125,"column":66}},"line":125},"12":{"name":"renderPartTabs","decl":{"start":{"line":130,"column":9},"end":{"line":130,"column":32}},"loc":{"start":{"line":130,"column":32},"end":{"line":144,"column":null}},"line":130},"13":{"name":"(anonymous_13)","decl":{"start":{"line":141,"column":25},"end":{"line":141,"column":40}},"loc":{"start":{"line":141,"column":40},"end":{"line":141,"column":83}},"line":141},"14":{"name":"renderChunkIndicator","decl":{"start":{"line":146,"column":9},"end":{"line":146,"column":38}},"loc":{"start":{"line":146,"column":38},"end":{"line":154,"column":null}},"line":146},"15":{"name":"segIdToChunk","decl":{"start":{"line":156,"column":9},"end":{"line":156,"column":22}},"loc":{"start":{"line":156,"column":61},"end":{"line":171,"column":null}},"line":156},"16":{"name":"closeChapterNav","decl":{"start":{"line":173,"column":9},"end":{"line":173,"column":33}},"loc":{"start":{"line":173,"column":33},"end":{"line":180,"column":null}},"line":173},"17":{"name":"renderChapterNav","decl":{"start":{"line":182,"column":9},"end":{"line":182,"column":34}},"loc":{"start":{"line":182,"column":34},"end":{"line":234,"column":null}},"line":182},"18":{"name":"(anonymous_18)","decl":{"start":{"line":190,"column":28},"end":{"line":190,"column":36}},"loc":{"start":{"line":190,"column":42},"end":{"line":190,"column":62}},"line":190},"19":{"name":"(anonymous_19)","decl":{"start":{"line":217,"column":24},"end":{"line":217,"column":39}},"loc":{"start":{"line":217,"column":39},"end":{"line":220,"column":5}},"line":217},"20":{"name":"(anonymous_20)","decl":{"start":{"line":224,"column":23},"end":{"line":224,"column":33}},"loc":{"start":{"line":224,"column":39},"end":{"line":230,"column":3}},"line":224},"21":{"name":"handleNoteHover","decl":{"start":{"line":236,"column":9},"end":{"line":236,"column":25}},"loc":{"start":{"line":236,"column":70},"end":{"line":246,"column":null}},"line":236},"22":{"name":"selectWork","decl":{"start":{"line":248,"column":15},"end":{"line":248,"column":26}},"loc":{"start":{"line":248,"column":117},"end":{"line":322,"column":null}},"line":248},"23":{"name":"(anonymous_23)","decl":{"start":{"line":299,"column":6},"end":{"line":299,"column":23}},"loc":{"start":{"line":299,"column":23},"end":{"line":299,"column":61}},"line":299},"24":{"name":"renderHistory","decl":{"start":{"line":324,"column":9},"end":{"line":324,"column":31}},"loc":{"start":{"line":324,"column":31},"end":{"line":339,"column":null}},"line":324},"25":{"name":"(anonymous_25)","decl":{"start":{"line":336,"column":25},"end":{"line":336,"column":40}},"loc":{"start":{"line":336,"column":40},"end":{"line":336,"column":97}},"line":336},"26":{"name":"renderBookmarks","decl":{"start":{"line":341,"column":9},"end":{"line":341,"column":33}},"loc":{"start":{"line":341,"column":33},"end":{"line":356,"column":null}},"line":341},"27":{"name":"(anonymous_27)","decl":{"start":{"line":353,"column":25},"end":{"line":353,"column":40}},"loc":{"start":{"line":353,"column":40},"end":{"line":353,"column":110}},"line":353},"28":{"name":"wireIconRail","decl":{"start":{"line":360,"column":9},"end":{"line":360,"column":30}},"loc":{"start":{"line":360,"column":30},"end":{"line":482,"column":null}},"line":360},"29":{"name":"currentRenderedW","decl":{"start":{"line":369,"column":11},"end":{"line":369,"column":38}},"loc":{"start":{"line":369,"column":38},"end":{"line":371,"column":null}},"line":369},"30":{"name":"doCollapse","decl":{"start":{"line":373,"column":11},"end":{"line":373,"column":30}},"loc":{"start":{"line":373,"column":30},"end":{"line":379,"column":null}},"line":373},"31":{"name":"(anonymous_31)","decl":{"start":{"line":378,"column":4},"end":{"line":378,"column":21}},"loc":{"start":{"line":378,"column":21},"end":{"line":378,"column":65}},"line":378},"32":{"name":"doExpand","decl":{"start":{"line":381,"column":11},"end":{"line":381,"column":28}},"loc":{"start":{"line":381,"column":28},"end":{"line":387,"column":null}},"line":381},"33":{"name":"toggleReaderOverlay","decl":{"start":{"line":402,"column":11},"end":{"line":402,"column":31}},"loc":{"start":{"line":402,"column":65},"end":{"line":409,"column":null}},"line":402},"34":{"name":"(anonymous_34)","decl":{"start":{"line":411,"column":2},"end":{"line":411,"column":17}},"loc":{"start":{"line":411,"column":60},"end":{"line":426,"column":null}},"line":411},"35":{"name":"(anonymous_35)","decl":{"start":{"line":422,"column":14},"end":{"line":422,"column":23}},"loc":{"start":{"line":422,"column":29},"end":{"line":422,"column":85}},"line":422},"36":{"name":"(anonymous_36)","decl":{"start":{"line":423,"column":13},"end":{"line":423,"column":22}},"loc":{"start":{"line":423,"column":28},"end":{"line":423,"column":84}},"line":423},"37":{"name":"(anonymous_37)","decl":{"start":{"line":428,"column":10},"end":{"line":428,"column":19}},"loc":{"start":{"line":428,"column":27},"end":{"line":438,"column":3}},"line":428},"38":{"name":"(anonymous_38)","decl":{"start":{"line":429,"column":25},"end":{"line":429,"column":40}},"loc":{"start":{"line":429,"column":40},"end":{"line":437,"column":5}},"line":429},"39":{"name":"(anonymous_39)","decl":{"start":{"line":440,"column":31},"end":{"line":440,"column":46}},"loc":{"start":{"line":440,"column":46},"end":{"line":443,"column":3}},"line":440},"40":{"name":"(anonymous_40)","decl":{"start":{"line":450,"column":27},"end":{"line":450,"column":41}},"loc":{"start":{"line":450,"column":59},"end":{"line":457,"column":3}},"line":450},"41":{"name":"(anonymous_41)","decl":{"start":{"line":459,"column":28},"end":{"line":459,"column":42}},"loc":{"start":{"line":459,"column":60},"end":{"line":472,"column":3}},"line":459},"42":{"name":"(anonymous_42)","decl":{"start":{"line":474,"column":28},"end":{"line":474,"column":45}},"loc":{"start":{"line":474,"column":45},"end":{"line":481,"column":3}},"line":474},"43":{"name":"rerenderContent","decl":{"start":{"line":484,"column":9},"end":{"line":484,"column":33}},"loc":{"start":{"line":484,"column":33},"end":{"line":516,"column":null}},"line":484},"44":{"name":"(anonymous_44)","decl":{"start":{"line":498,"column":4},"end":{"line":498,"column":19}},"loc":{"start":{"line":498,"column":29},"end":{"line":498,"column":null}},"line":498},"45":{"name":"(anonymous_45)","decl":{"start":{"line":499,"column":4},"end":{"line":499,"column":23}},"loc":{"start":{"line":499,"column":31},"end":{"line":509,"column":null}},"line":499},"46":{"name":"(anonymous_46)","decl":{"start":{"line":515,"column":2},"end":{"line":515,"column":19}},"loc":{"start":{"line":515,"column":19},"end":{"line":515,"column":57}},"line":515},"47":{"name":"(anonymous_47)","decl":{"start":{"line":519,"column":24},"end":{"line":519,"column":48}},"loc":{"start":{"line":519,"column":54},"end":{"line":524,"column":1}},"line":519},"48":{"name":"wireSettingsPanel","decl":{"start":{"line":526,"column":9},"end":{"line":526,"column":35}},"loc":{"start":{"line":526,"column":35},"end":{"line":569,"column":null}},"line":526},"49":{"name":"(anonymous_49)","decl":{"start":{"line":529,"column":41},"end":{"line":529,"column":53}},"loc":{"start":{"line":529,"column":53},"end":{"line":540,"column":5}},"line":529},"50":{"name":"(anonymous_50)","decl":{"start":{"line":543,"column":30},"end":{"line":543,"column":46}},"loc":{"start":{"line":543,"column":46},"end":{"line":547,"column":3}},"line":543},"51":{"name":"(anonymous_51)","decl":{"start":{"line":549,"column":34},"end":{"line":549,"column":49}},"loc":{"start":{"line":549,"column":49},"end":{"line":552,"column":3}},"line":549},"52":{"name":"(anonymous_52)","decl":{"start":{"line":553,"column":34},"end":{"line":553,"column":49}},"loc":{"start":{"line":553,"column":49},"end":{"line":556,"column":3}},"line":553},"53":{"name":"(anonymous_53)","decl":{"start":{"line":559,"column":28},"end":{"line":559,"column":44}},"loc":{"start":{"line":559,"column":44},"end":{"line":562,"column":3}},"line":559},"54":{"name":"(anonymous_54)","decl":{"start":{"line":565,"column":35},"end":{"line":565,"column":51}},"loc":{"start":{"line":565,"column":51},"end":{"line":568,"column":3}},"line":565},"55":{"name":"applyStaticI18n","decl":{"start":{"line":571,"column":9},"end":{"line":571,"column":33}},"loc":{"start":{"line":571,"column":33},"end":{"line":584,"column":null}},"line":571},"56":{"name":"(anonymous_56)","decl":{"start":{"line":572,"column":56},"end":{"line":572,"column":65}},"loc":{"start":{"line":572,"column":74},"end":{"line":575,"column":3}},"line":572},"57":{"name":"(anonymous_57)","decl":{"start":{"line":576,"column":73},"end":{"line":576,"column":82}},"loc":{"start":{"line":576,"column":91},"end":{"line":579,"column":3}},"line":576},"58":{"name":"(anonymous_58)","decl":{"start":{"line":580,"column":62},"end":{"line":580,"column":71}},"loc":{"start":{"line":580,"column":80},"end":{"line":583,"column":3}},"line":580},"59":{"name":"refreshLocalizedUI","decl":{"start":{"line":586,"column":9},"end":{"line":586,"column":36}},"loc":{"start":{"line":586,"column":36},"end":{"line":604,"column":null}},"line":586},"60":{"name":"(anonymous_60)","decl":{"start":{"line":590,"column":38},"end":{"line":590,"column":42}},"loc":{"start":{"line":590,"column":74},"end":{"line":590,"column":118}},"line":590},"61":{"name":"(anonymous_61)","decl":{"start":{"line":602,"column":36},"end":{"line":602,"column":54}},"loc":{"start":{"line":602,"column":54},"end":{"line":602,"column":76}},"line":602},"62":{"name":"wireChunkNav","decl":{"start":{"line":606,"column":9},"end":{"line":606,"column":30}},"loc":{"start":{"line":606,"column":30},"end":{"line":619,"column":null}},"line":606},"63":{"name":"(anonymous_63)","decl":{"start":{"line":607,"column":36},"end":{"line":607,"column":51}},"loc":{"start":{"line":607,"column":51},"end":{"line":611,"column":3}},"line":607},"64":{"name":"(anonymous_64)","decl":{"start":{"line":612,"column":36},"end":{"line":612,"column":51}},"loc":{"start":{"line":612,"column":51},"end":{"line":618,"column":3}},"line":612},"65":{"name":"parseHash","decl":{"start":{"line":630,"column":9},"end":{"line":630,"column":35}},"loc":{"start":{"line":630,"column":35},"end":{"line":666,"column":null}},"line":630},"66":{"name":"wireRouting","decl":{"start":{"line":668,"column":9},"end":{"line":668,"column":29}},"loc":{"start":{"line":668,"column":29},"end":{"line":694,"column":null}},"line":668},"67":{"name":"(anonymous_67)","decl":{"start":{"line":669,"column":26},"end":{"line":669,"column":46}},"loc":{"start":{"line":669,"column":46},"end":{"line":693,"column":3}},"line":669},"68":{"name":"(anonymous_68)","decl":{"start":{"line":686,"column":14},"end":{"line":686,"column":31}},"loc":{"start":{"line":686,"column":31},"end":{"line":686,"column":69}},"line":686},"69":{"name":"init","decl":{"start":{"line":696,"column":15},"end":{"line":696,"column":37}},"loc":{"start":{"line":696,"column":37},"end":{"line":754,"column":null}},"line":696},"70":{"name":"(anonymous_70)","decl":{"start":{"line":698,"column":58},"end":{"line":698,"column":65}},"loc":{"start":{"line":698,"column":73},"end":{"line":700,"column":5}},"line":698},"71":{"name":"(anonymous_71)","decl":{"start":{"line":715,"column":38},"end":{"line":715,"column":42}},"loc":{"start":{"line":715,"column":74},"end":{"line":715,"column":118}},"line":715},"72":{"name":"(anonymous_72)","decl":{"start":{"line":725,"column":75},"end":{"line":725,"column":79}},"loc":{"start":{"line":726,"column":4},"end":{"line":726,"column":null}},"line":726},"73":{"name":"(anonymous_73)","decl":{"start":{"line":729,"column":56},"end":{"line":729,"column":65}},"loc":{"start":{"line":729,"column":65},"end":{"line":729,"column":87}},"line":729},"74":{"name":"(anonymous_74)","decl":{"start":{"line":764,"column":52},"end":{"line":764,"column":64}},"loc":{"start":{"line":764,"column":64},"end":{"line":792,"column":5}},"line":764},"75":{"name":"(anonymous_75)","decl":{"start":{"line":774,"column":55},"end":{"line":774,"column":79}},"loc":{"start":{"line":774,"column":90},"end":{"line":776,"column":17}},"line":774}},"branchMap":{"0":{"loc":{"start":{"line":31,"column":2},"end":{"line":31,"column":null}},"type":"if","locations":[{"start":{"line":31,"column":2},"end":{"line":31,"column":null}},{"start":{},"end":{}}],"line":31},"1":{"loc":{"start":{"line":52,"column":2},"end":{"line":52,"column":null}},"type":"if","locations":[{"start":{"line":52,"column":2},"end":{"line":52,"column":null}},{"start":{},"end":{}}],"line":52},"2":{"loc":{"start":{"line":55,"column":4},"end":{"line":55,"column":null}},"type":"if","locations":[{"start":{"line":55,"column":4},"end":{"line":55,"column":null}},{"start":{},"end":{}}],"line":55},"3":{"loc":{"start":{"line":61,"column":2},"end":{"line":61,"column":null}},"type":"if","locations":[{"start":{"line":61,"column":2},"end":{"line":61,"column":null}},{"start":{},"end":{}}],"line":61},"4":{"loc":{"start":{"line":63,"column":4},"end":{"line":65,"column":null}},"type":"binary-expr","locations":[{"start":{"line":63,"column":4},"end":{"line":65,"column":9}},{"start":{"line":65,"column":9},"end":{"line":65,"column":null}}],"line":63},"5":{"loc":{"start":{"line":70,"column":16},"end":{"line":70,"column":null}},"type":"cond-expr","locations":[{"start":{"line":70,"column":29},"end":{"line":70,"column":59}},{"start":{"line":70,"column":59},"end":{"line":70,"column":null}}],"line":70},"6":{"loc":{"start":{"line":74,"column":2},"end":{"line":78,"column":null}},"type":"if","locations":[{"start":{"line":74,"column":2},"end":{"line":78,"column":null}},{"start":{},"end":{}}],"line":74},"7":{"loc":{"start":{"line":75,"column":30},"end":{"line":77,"column":null}},"type":"cond-expr","locations":[{"start":{"line":76,"column":8},"end":{"line":76,"column":null}},{"start":{"line":77,"column":8},"end":{"line":77,"column":null}}],"line":75},"8":{"loc":{"start":{"line":79,"column":2},"end":{"line":83,"column":null}},"type":"if","locations":[{"start":{"line":79,"column":2},"end":{"line":83,"column":null}},{"start":{},"end":{}}],"line":79},"9":{"loc":{"start":{"line":80,"column":37},"end":{"line":82,"column":null}},"type":"cond-expr","locations":[{"start":{"line":81,"column":8},"end":{"line":81,"column":null}},{"start":{"line":82,"column":8},"end":{"line":82,"column":null}}],"line":80},"10":{"loc":{"start":{"line":88,"column":2},"end":{"line":91,"column":null}},"type":"if","locations":[{"start":{"line":88,"column":2},"end":{"line":91,"column":null}},{"start":{},"end":{}}],"line":88},"11":{"loc":{"start":{"line":100,"column":16},"end":{"line":100,"column":null}},"type":"cond-expr","locations":[{"start":{"line":100,"column":29},"end":{"line":100,"column":70}},{"start":{"line":100,"column":70},"end":{"line":100,"column":null}}],"line":100},"12":{"loc":{"start":{"line":100,"column":29},"end":{"line":100,"column":70}},"type":"binary-expr","locations":[{"start":{"line":100,"column":29},"end":{"line":100,"column":56}},{"start":{"line":100,"column":56},"end":{"line":100,"column":70}}],"line":100},"13":{"loc":{"start":{"line":103,"column":2},"end":{"line":105,"column":null}},"type":"if","locations":[{"start":{"line":103,"column":2},"end":{"line":105,"column":null}},{"start":{},"end":{}}],"line":103},"14":{"loc":{"start":{"line":103,"column":6},"end":{"line":103,"column":69}},"type":"binary-expr","locations":[{"start":{"line":103,"column":6},"end":{"line":103,"column":20}},{"start":{"line":103,"column":20},"end":{"line":103,"column":37}},{"start":{"line":103,"column":37},"end":{"line":103,"column":69}}],"line":103},"15":{"loc":{"start":{"line":110,"column":2},"end":{"line":115,"column":null}},"type":"if","locations":[{"start":{"line":110,"column":2},"end":{"line":115,"column":null}},{"start":{},"end":{}}],"line":110},"16":{"loc":{"start":{"line":121,"column":2},"end":{"line":123,"column":null}},"type":"if","locations":[{"start":{"line":121,"column":2},"end":{"line":123,"column":null}},{"start":{},"end":{}}],"line":121},"17":{"loc":{"start":{"line":121,"column":6},"end":{"line":121,"column":38}},"type":"binary-expr","locations":[{"start":{"line":121,"column":6},"end":{"line":121,"column":21}},{"start":{"line":121,"column":21},"end":{"line":121,"column":38}}],"line":121},"18":{"loc":{"start":{"line":133,"column":2},"end":{"line":133,"column":null}},"type":"if","locations":[{"start":{"line":133,"column":2},"end":{"line":133,"column":null}},{"start":{},"end":{}}],"line":133},"19":{"loc":{"start":{"line":136,"column":4},"end":{"line":136,"column":null}},"type":"if","locations":[{"start":{"line":136,"column":4},"end":{"line":136,"column":null}},{"start":{},"end":{}}],"line":136},"20":{"loc":{"start":{"line":139,"column":22},"end":{"line":139,"column":null}},"type":"binary-expr","locations":[{"start":{"line":139,"column":22},"end":{"line":139,"column":63}},{"start":{"line":139,"column":63},"end":{"line":139,"column":null}}],"line":139},"21":{"loc":{"start":{"line":140,"column":4},"end":{"line":140,"column":null}},"type":"if","locations":[{"start":{"line":140,"column":4},"end":{"line":140,"column":null}},{"start":{},"end":{}}],"line":140},"22":{"loc":{"start":{"line":147,"column":2},"end":{"line":147,"column":null}},"type":"if","locations":[{"start":{"line":147,"column":2},"end":{"line":147,"column":null}},{"start":{},"end":{}}],"line":147},"23":{"loc":{"start":{"line":147,"column":6},"end":{"line":147,"column":37}},"type":"binary-expr","locations":[{"start":{"line":147,"column":6},"end":{"line":147,"column":21}},{"start":{"line":147,"column":21},"end":{"line":147,"column":37}}],"line":147},"24":{"loc":{"start":{"line":149,"column":2},"end":{"line":149,"column":null}},"type":"if","locations":[{"start":{"line":149,"column":2},"end":{"line":149,"column":null}},{"start":{},"end":{}}],"line":149},"25":{"loc":{"start":{"line":157,"column":2},"end":{"line":165,"column":null}},"type":"if","locations":[{"start":{"line":157,"column":2},"end":{"line":165,"column":null}},{"start":{},"end":{}}],"line":157},"26":{"loc":{"start":{"line":157,"column":6},"end":{"line":157,"column":73}},"type":"binary-expr","locations":[{"start":{"line":157,"column":6},"end":{"line":157,"column":26}},{"start":{"line":157,"column":26},"end":{"line":157,"column":73}}],"line":157},"27":{"loc":{"start":{"line":161,"column":6},"end":{"line":162,"column":null}},"type":"if","locations":[{"start":{"line":161,"column":6},"end":{"line":162,"column":null}},{"start":{"line":162,"column":11},"end":{"line":162,"column":null}}],"line":161},"28":{"loc":{"start":{"line":166,"column":2},"end":{"line":169,"column":null}},"type":"if","locations":[{"start":{"line":166,"column":2},"end":{"line":169,"column":null}},{"start":{},"end":{}}],"line":166},"29":{"loc":{"start":{"line":166,"column":6},"end":{"line":166,"column":43}},"type":"binary-expr","locations":[{"start":{"line":166,"column":6},"end":{"line":166,"column":20}},{"start":{"line":166,"column":20},"end":{"line":166,"column":43}}],"line":166},"30":{"loc":{"start":{"line":175,"column":2},"end":{"line":175,"column":null}},"type":"if","locations":[{"start":{"line":175,"column":2},"end":{"line":175,"column":null}},{"start":{},"end":{}}],"line":175},"31":{"loc":{"start":{"line":178,"column":2},"end":{"line":178,"column":null}},"type":"if","locations":[{"start":{"line":178,"column":2},"end":{"line":178,"column":null}},{"start":{},"end":{}}],"line":178},"32":{"loc":{"start":{"line":179,"column":2},"end":{"line":179,"column":null}},"type":"if","locations":[{"start":{"line":179,"column":2},"end":{"line":179,"column":null}},{"start":{},"end":{}}],"line":179},"33":{"loc":{"start":{"line":186,"column":2},"end":{"line":186,"column":null}},"type":"if","locations":[{"start":{"line":186,"column":2},"end":{"line":186,"column":null}},{"start":{},"end":{}}],"line":186},"34":{"loc":{"start":{"line":186,"column":6},"end":{"line":186,"column":37}},"type":"binary-expr","locations":[{"start":{"line":186,"column":6},"end":{"line":186,"column":21}},{"start":{"line":186,"column":21},"end":{"line":186,"column":37}}],"line":186},"35":{"loc":{"start":{"line":188,"column":2},"end":{"line":188,"column":null}},"type":"if","locations":[{"start":{"line":188,"column":2},"end":{"line":188,"column":null}},{"start":{},"end":{}}],"line":188},"36":{"loc":{"start":{"line":191,"column":2},"end":{"line":191,"column":null}},"type":"if","locations":[{"start":{"line":191,"column":2},"end":{"line":191,"column":null}},{"start":{},"end":{}}],"line":191},"37":{"loc":{"start":{"line":238,"column":2},"end":{"line":241,"column":null}},"type":"if","locations":[{"start":{"line":238,"column":2},"end":{"line":241,"column":null}},{"start":{},"end":{}}],"line":238},"38":{"loc":{"start":{"line":238,"column":6},"end":{"line":238,"column":21}},"type":"binary-expr","locations":[{"start":{"line":238,"column":6},"end":{"line":238,"column":14}},{"start":{"line":238,"column":14},"end":{"line":238,"column":21}}],"line":238},"39":{"loc":{"start":{"line":250,"column":2},"end":{"line":253,"column":null}},"type":"if","locations":[{"start":{"line":250,"column":2},"end":{"line":253,"column":null}},{"start":{},"end":{}}],"line":250},"40":{"loc":{"start":{"line":255,"column":2},"end":{"line":258,"column":null}},"type":"if","locations":[{"start":{"line":255,"column":2},"end":{"line":258,"column":null}},{"start":{},"end":{}}],"line":255},"41":{"loc":{"start":{"line":266,"column":2},"end":{"line":269,"column":null}},"type":"if","locations":[{"start":{"line":266,"column":2},"end":{"line":269,"column":null}},{"start":{},"end":{}}],"line":266},"42":{"loc":{"start":{"line":266,"column":6},"end":{"line":266,"column":57}},"type":"binary-expr","locations":[{"start":{"line":266,"column":6},"end":{"line":266,"column":37}},{"start":{"line":266,"column":37},"end":{"line":266,"column":57}}],"line":266},"43":{"loc":{"start":{"line":279,"column":2},"end":{"line":282,"column":null}},"type":"if","locations":[{"start":{"line":279,"column":2},"end":{"line":282,"column":null}},{"start":{},"end":{}}],"line":279},"44":{"loc":{"start":{"line":294,"column":2},"end":{"line":301,"column":null}},"type":"if","locations":[{"start":{"line":294,"column":2},"end":{"line":301,"column":null}},{"start":{},"end":{}}],"line":294},"45":{"loc":{"start":{"line":296,"column":4},"end":{"line":300,"column":null}},"type":"if","locations":[{"start":{"line":296,"column":4},"end":{"line":300,"column":null}},{"start":{},"end":{}}],"line":296},"46":{"loc":{"start":{"line":313,"column":2},"end":{"line":321,"column":null}},"type":"if","locations":[{"start":{"line":313,"column":2},"end":{"line":321,"column":null}},{"start":{},"end":{}}],"line":313},"47":{"loc":{"start":{"line":316,"column":4},"end":{"line":320,"column":null}},"type":"if","locations":[{"start":{"line":316,"column":4},"end":{"line":320,"column":null}},{"start":{},"end":{}}],"line":316},"48":{"loc":{"start":{"line":316,"column":8},"end":{"line":316,"column":65}},"type":"binary-expr","locations":[{"start":{"line":316,"column":8},"end":{"line":316,"column":21}},{"start":{"line":316,"column":21},"end":{"line":316,"column":65}}],"line":316},"49":{"loc":{"start":{"line":319,"column":6},"end":{"line":319,"column":null}},"type":"if","locations":[{"start":{"line":319,"column":6},"end":{"line":319,"column":null}},{"start":{},"end":{}}],"line":319},"50":{"loc":{"start":{"line":328,"column":2},"end":{"line":331,"column":null}},"type":"if","locations":[{"start":{"line":328,"column":2},"end":{"line":331,"column":null}},{"start":{},"end":{}}],"line":328},"51":{"loc":{"start":{"line":345,"column":2},"end":{"line":348,"column":null}},"type":"if","locations":[{"start":{"line":345,"column":2},"end":{"line":348,"column":null}},{"start":{},"end":{}}],"line":345},"52":{"loc":{"start":{"line":352,"column":22},"end":{"line":352,"column":null}},"type":"binary-expr","locations":[{"start":{"line":352,"column":22},"end":{"line":352,"column":39}},{"start":{"line":352,"column":39},"end":{"line":352,"column":null}}],"line":352},"53":{"loc":{"start":{"line":375,"column":4},"end":{"line":375,"column":null}},"type":"if","locations":[{"start":{"line":375,"column":4},"end":{"line":375,"column":null}},{"start":{},"end":{}}],"line":375},"54":{"loc":{"start":{"line":383,"column":14},"end":{"line":383,"column":null}},"type":"cond-expr","locations":[{"start":{"line":383,"column":22},"end":{"line":383,"column":61}},{"start":{"line":383,"column":61},"end":{"line":383,"column":null}}],"line":383},"55":{"loc":{"start":{"line":390,"column":2},"end":{"line":393,"column":null}},"type":"if","locations":[{"start":{"line":390,"column":2},"end":{"line":393,"column":null}},{"start":{},"end":{}}],"line":390},"56":{"loc":{"start":{"line":392,"column":4},"end":{"line":392,"column":null}},"type":"if","locations":[{"start":{"line":392,"column":4},"end":{"line":392,"column":null}},{"start":{},"end":{}}],"line":392},"57":{"loc":{"start":{"line":403,"column":25},"end":{"line":403,"column":null}},"type":"binary-expr","locations":[{"start":{"line":403,"column":25},"end":{"line":403,"column":35}},{"start":{"line":403,"column":35},"end":{"line":403,"column":null}}],"line":403},"58":{"loc":{"start":{"line":404,"column":33},"end":{"line":404,"column":null}},"type":"cond-expr","locations":[{"start":{"line":404,"column":48},"end":{"line":404,"column":57}},{"start":{"line":404,"column":57},"end":{"line":404,"column":null}}],"line":404},"59":{"loc":{"start":{"line":405,"column":34},"end":{"line":405,"column":null}},"type":"cond-expr","locations":[{"start":{"line":405,"column":49},"end":{"line":405,"column":58}},{"start":{"line":405,"column":58},"end":{"line":405,"column":null}}],"line":405},"60":{"loc":{"start":{"line":406,"column":27},"end":{"line":406,"column":null}},"type":"cond-expr","locations":[{"start":{"line":406,"column":42},"end":{"line":406,"column":51}},{"start":{"line":406,"column":51},"end":{"line":406,"column":null}}],"line":406},"61":{"loc":{"start":{"line":407,"column":30},"end":{"line":407,"column":null}},"type":"cond-expr","locations":[{"start":{"line":407,"column":49},"end":{"line":407,"column":58}},{"start":{"line":407,"column":58},"end":{"line":407,"column":null}}],"line":407},"62":{"loc":{"start":{"line":408,"column":32},"end":{"line":408,"column":null}},"type":"cond-expr","locations":[{"start":{"line":408,"column":53},"end":{"line":408,"column":62}},{"start":{"line":408,"column":62},"end":{"line":408,"column":null}}],"line":408},"63":{"loc":{"start":{"line":411,"column":33},"end":{"line":411,"column":60}},"type":"default-arg","locations":[{"start":{"line":411,"column":50},"end":{"line":411,"column":60}}],"line":411},"64":{"loc":{"start":{"line":412,"column":6},"end":{"line":412,"column":null}},"type":"if","locations":[{"start":{"line":412,"column":6},"end":{"line":412,"column":null}},{"start":{},"end":{}}],"line":412},"65":{"loc":{"start":{"line":416,"column":6},"end":{"line":420,"column":null}},"type":"if","locations":[{"start":{"line":416,"column":6},"end":{"line":420,"column":null}},{"start":{"line":418,"column":13},"end":{"line":420,"column":null}}],"line":416},"66":{"loc":{"start":{"line":416,"column":10},"end":{"line":416,"column":36}},"type":"binary-expr","locations":[{"start":{"line":416,"column":10},"end":{"line":416,"column":22}},{"start":{"line":416,"column":22},"end":{"line":416,"column":36}}],"line":416},"67":{"loc":{"start":{"line":417,"column":8},"end":{"line":417,"column":null}},"type":"if","locations":[{"start":{"line":417,"column":8},"end":{"line":417,"column":null}},{"start":{},"end":{}}],"line":417},"68":{"loc":{"start":{"line":425,"column":6},"end":{"line":425,"column":null}},"type":"if","locations":[{"start":{"line":425,"column":6},"end":{"line":425,"column":null}},{"start":{},"end":{}}],"line":425},"69":{"loc":{"start":{"line":431,"column":6},"end":{"line":431,"column":null}},"type":"if","locations":[{"start":{"line":431,"column":6},"end":{"line":431,"column":null}},{"start":{},"end":{}}],"line":431},"70":{"loc":{"start":{"line":432,"column":6},"end":{"line":435,"column":null}},"type":"if","locations":[{"start":{"line":432,"column":6},"end":{"line":435,"column":null}},{"start":{},"end":{}}],"line":432},"71":{"loc":{"start":{"line":432,"column":10},"end":{"line":432,"column":90}},"type":"binary-expr","locations":[{"start":{"line":432,"column":10},"end":{"line":432,"column":46}},{"start":{"line":432,"column":46},"end":{"line":432,"column":90}}],"line":432},"72":{"loc":{"start":{"line":441,"column":4},"end":{"line":442,"column":null}},"type":"if","locations":[{"start":{"line":441,"column":4},"end":{"line":442,"column":null}},{"start":{"line":442,"column":9},"end":{"line":442,"column":null}}],"line":441},"73":{"loc":{"start":{"line":460,"column":4},"end":{"line":460,"column":null}},"type":"if","locations":[{"start":{"line":460,"column":4},"end":{"line":460,"column":null}},{"start":{},"end":{}}],"line":460},"74":{"loc":{"start":{"line":463,"column":17},"end":{"line":463,"column":null}},"type":"cond-expr","locations":[{"start":{"line":463,"column":29},"end":{"line":463,"column":33}},{"start":{"line":463,"column":33},"end":{"line":463,"column":null}}],"line":463},"75":{"loc":{"start":{"line":465,"column":4},"end":{"line":471,"column":null}},"type":"if","locations":[{"start":{"line":465,"column":4},"end":{"line":471,"column":null}},{"start":{"line":468,"column":11},"end":{"line":471,"column":null}}],"line":465},"76":{"loc":{"start":{"line":475,"column":4},"end":{"line":475,"column":null}},"type":"if","locations":[{"start":{"line":475,"column":4},"end":{"line":475,"column":null}},{"start":{},"end":{}}],"line":475},"77":{"loc":{"start":{"line":480,"column":4},"end":{"line":480,"column":null}},"type":"if","locations":[{"start":{"line":480,"column":4},"end":{"line":480,"column":null}},{"start":{},"end":{}}],"line":480},"78":{"loc":{"start":{"line":489,"column":2},"end":{"line":489,"column":null}},"type":"if","locations":[{"start":{"line":489,"column":2},"end":{"line":489,"column":null}},{"start":{},"end":{}}],"line":489},"79":{"loc":{"start":{"line":489,"column":6},"end":{"line":489,"column":63}},"type":"binary-expr","locations":[{"start":{"line":489,"column":6},"end":{"line":489,"column":21}},{"start":{"line":489,"column":21},"end":{"line":489,"column":39}},{"start":{"line":489,"column":39},"end":{"line":489,"column":63}}],"line":489},"80":{"loc":{"start":{"line":497,"column":8},"end":{"line":497,"column":null}},"type":"cond-expr","locations":[{"start":{"line":497,"column":34},"end":{"line":497,"column":69}},{"start":{"line":497,"column":69},"end":{"line":497,"column":null}}],"line":497},"81":{"loc":{"start":{"line":505,"column":18},"end":{"line":505,"column":65}},"type":"binary-expr","locations":[{"start":{"line":505,"column":18},"end":{"line":505,"column":30}},{"start":{"line":505,"column":30},"end":{"line":505,"column":63}},{"start":{"line":505,"column":63},"end":{"line":505,"column":65}}],"line":505},"82":{"loc":{"start":{"line":523,"column":2},"end":{"line":523,"column":null}},"type":"if","locations":[{"start":{"line":523,"column":2},"end":{"line":523,"column":null}},{"start":{},"end":{}}],"line":523},"83":{"loc":{"start":{"line":528,"column":2},"end":{"line":541,"column":null}},"type":"if","locations":[{"start":{"line":528,"column":2},"end":{"line":541,"column":null}},{"start":{},"end":{}}],"line":528},"84":{"loc":{"start":{"line":530,"column":6},"end":{"line":539,"column":null}},"type":"if","locations":[{"start":{"line":530,"column":6},"end":{"line":539,"column":null}},{"start":{},"end":{}}],"line":530},"85":{"loc":{"start":{"line":533,"column":8},"end":{"line":535,"column":null}},"type":"if","locations":[{"start":{"line":533,"column":8},"end":{"line":535,"column":null}},{"start":{},"end":{}}],"line":533},"86":{"loc":{"start":{"line":538,"column":8},"end":{"line":538,"column":null}},"type":"if","locations":[{"start":{"line":538,"column":8},"end":{"line":538,"column":null}},{"start":{},"end":{}}],"line":538},"87":{"loc":{"start":{"line":574,"column":4},"end":{"line":574,"column":null}},"type":"if","locations":[{"start":{"line":574,"column":4},"end":{"line":574,"column":null}},{"start":{},"end":{}}],"line":574},"88":{"loc":{"start":{"line":578,"column":4},"end":{"line":578,"column":null}},"type":"if","locations":[{"start":{"line":578,"column":4},"end":{"line":578,"column":null}},{"start":{},"end":{}}],"line":578},"89":{"loc":{"start":{"line":582,"column":4},"end":{"line":582,"column":null}},"type":"if","locations":[{"start":{"line":582,"column":4},"end":{"line":582,"column":null}},{"start":{},"end":{}}],"line":582},"90":{"loc":{"start":{"line":589,"column":2},"end":{"line":589,"column":null}},"type":"if","locations":[{"start":{"line":589,"column":2},"end":{"line":589,"column":null}},{"start":{},"end":{}}],"line":589},"91":{"loc":{"start":{"line":591,"column":2},"end":{"line":593,"column":null}},"type":"if","locations":[{"start":{"line":591,"column":2},"end":{"line":593,"column":null}},{"start":{},"end":{}}],"line":591},"92":{"loc":{"start":{"line":591,"column":6},"end":{"line":591,"column":35}},"type":"binary-expr","locations":[{"start":{"line":591,"column":6},"end":{"line":591,"column":20}},{"start":{"line":591,"column":20},"end":{"line":591,"column":35}}],"line":591},"93":{"loc":{"start":{"line":600,"column":2},"end":{"line":603,"column":null}},"type":"if","locations":[{"start":{"line":600,"column":2},"end":{"line":603,"column":null}},{"start":{},"end":{}}],"line":600},"94":{"loc":{"start":{"line":602,"column":54},"end":{"line":602,"column":76}},"type":"binary-expr","locations":[{"start":{"line":602,"column":54},"end":{"line":602,"column":72}},{"start":{"line":602,"column":72},"end":{"line":602,"column":76}}],"line":602},"95":{"loc":{"start":{"line":608,"column":4},"end":{"line":610,"column":null}},"type":"if","locations":[{"start":{"line":608,"column":4},"end":{"line":610,"column":null}},{"start":{},"end":{}}],"line":608},"96":{"loc":{"start":{"line":608,"column":8},"end":{"line":608,"column":61}},"type":"binary-expr","locations":[{"start":{"line":608,"column":8},"end":{"line":608,"column":22}},{"start":{"line":608,"column":22},"end":{"line":608,"column":39}},{"start":{"line":608,"column":39},"end":{"line":608,"column":61}}],"line":608},"97":{"loc":{"start":{"line":613,"column":4},"end":{"line":613,"column":null}},"type":"if","locations":[{"start":{"line":613,"column":4},"end":{"line":613,"column":null}},{"start":{},"end":{}}],"line":613},"98":{"loc":{"start":{"line":613,"column":8},"end":{"line":613,"column":39}},"type":"binary-expr","locations":[{"start":{"line":613,"column":8},"end":{"line":613,"column":23}},{"start":{"line":613,"column":23},"end":{"line":613,"column":39}}],"line":613},"99":{"loc":{"start":{"line":615,"column":4},"end":{"line":617,"column":null}},"type":"if","locations":[{"start":{"line":615,"column":4},"end":{"line":617,"column":null}},{"start":{},"end":{}}],"line":615},"100":{"loc":{"start":{"line":615,"column":8},"end":{"line":615,"column":58}},"type":"binary-expr","locations":[{"start":{"line":615,"column":8},"end":{"line":615,"column":16}},{"start":{"line":615,"column":16},"end":{"line":615,"column":58}}],"line":615},"101":{"loc":{"start":{"line":632,"column":2},"end":{"line":632,"column":null}},"type":"if","locations":[{"start":{"line":632,"column":2},"end":{"line":632,"column":null}},{"start":{},"end":{}}],"line":632},"102":{"loc":{"start":{"line":634,"column":17},"end":{"line":634,"column":41}},"type":"binary-expr","locations":[{"start":{"line":634,"column":17},"end":{"line":634,"column":39}},{"start":{"line":634,"column":39},"end":{"line":634,"column":41}}],"line":634},"103":{"loc":{"start":{"line":635,"column":2},"end":{"line":635,"column":null}},"type":"if","locations":[{"start":{"line":635,"column":2},"end":{"line":635,"column":null}},{"start":{},"end":{}}],"line":635},"104":{"loc":{"start":{"line":641,"column":2},"end":{"line":643,"column":null}},"type":"if","locations":[{"start":{"line":641,"column":2},"end":{"line":643,"column":null}},{"start":{},"end":{}}],"line":641},"105":{"loc":{"start":{"line":641,"column":6},"end":{"line":641,"column":45}},"type":"binary-expr","locations":[{"start":{"line":641,"column":6},"end":{"line":641,"column":18}},{"start":{"line":641,"column":18},"end":{"line":641,"column":45}}],"line":641},"106":{"loc":{"start":{"line":645,"column":2},"end":{"line":647,"column":null}},"type":"if","locations":[{"start":{"line":645,"column":2},"end":{"line":647,"column":null}},{"start":{},"end":{}}],"line":645},"107":{"loc":{"start":{"line":650,"column":2},"end":{"line":654,"column":null}},"type":"if","locations":[{"start":{"line":650,"column":2},"end":{"line":654,"column":null}},{"start":{},"end":{}}],"line":650},"108":{"loc":{"start":{"line":650,"column":6},"end":{"line":650,"column":42}},"type":"binary-expr","locations":[{"start":{"line":650,"column":6},"end":{"line":650,"column":16}},{"start":{"line":650,"column":16},"end":{"line":650,"column":27}},{"start":{"line":650,"column":27},"end":{"line":650,"column":42}}],"line":650},"109":{"loc":{"start":{"line":657,"column":40},"end":{"line":657,"column":55}},"type":"binary-expr","locations":[{"start":{"line":657,"column":40},"end":{"line":657,"column":53}},{"start":{"line":657,"column":53},"end":{"line":657,"column":55}}],"line":657},"110":{"loc":{"start":{"line":658,"column":2},"end":{"line":661,"column":null}},"type":"if","locations":[{"start":{"line":658,"column":2},"end":{"line":661,"column":null}},{"start":{},"end":{}}],"line":658},"111":{"loc":{"start":{"line":660,"column":4},"end":{"line":660,"column":null}},"type":"if","locations":[{"start":{"line":660,"column":4},"end":{"line":660,"column":null}},{"start":{},"end":{}}],"line":660},"112":{"loc":{"start":{"line":662,"column":2},"end":{"line":664,"column":null}},"type":"if","locations":[{"start":{"line":662,"column":2},"end":{"line":664,"column":null}},{"start":{},"end":{}}],"line":662},"113":{"loc":{"start":{"line":671,"column":4},"end":{"line":671,"column":null}},"type":"if","locations":[{"start":{"line":671,"column":4},"end":{"line":671,"column":null}},{"start":{},"end":{}}],"line":671},"114":{"loc":{"start":{"line":675,"column":4},"end":{"line":677,"column":null}},"type":"if","locations":[{"start":{"line":675,"column":4},"end":{"line":677,"column":null}},{"start":{},"end":{}}],"line":675},"115":{"loc":{"start":{"line":675,"column":8},"end":{"line":675,"column":63}},"type":"binary-expr","locations":[{"start":{"line":675,"column":8},"end":{"line":675,"column":22}},{"start":{"line":675,"column":22},"end":{"line":675,"column":63}}],"line":675},"116":{"loc":{"start":{"line":679,"column":4},"end":{"line":692,"column":null}},"type":"if","locations":[{"start":{"line":679,"column":4},"end":{"line":692,"column":null}},{"start":{},"end":{}}],"line":679},"117":{"loc":{"start":{"line":679,"column":8},"end":{"line":679,"column":73}},"type":"binary-expr","locations":[{"start":{"line":679,"column":8},"end":{"line":679,"column":24}},{"start":{"line":679,"column":24},"end":{"line":679,"column":41}},{"start":{"line":679,"column":41},"end":{"line":679,"column":73}}],"line":679},"118":{"loc":{"start":{"line":680,"column":6},"end":{"line":691,"column":null}},"type":"if","locations":[{"start":{"line":680,"column":6},"end":{"line":691,"column":null}},{"start":{"line":689,"column":13},"end":{"line":691,"column":null}}],"line":680},"119":{"loc":{"start":{"line":680,"column":10},"end":{"line":680,"column":119}},"type":"binary-expr","locations":[{"start":{"line":680,"column":10},"end":{"line":680,"column":45}},{"start":{"line":680,"column":45},"end":{"line":680,"column":80}},{"start":{"line":680,"column":8
[...]
{"line":138,"column":null}},"63":{"start":{"line":141,"column":10},"end":{"line":146,"column":null}},"64":{"start":{"line":142,"column":26},"end":{"line":142,"column":null}},"65":{"start":{"line":143,"column":12},"end":{"line":143,"column":null}},"66":{"start":{"line":144,"column":12},"end":{"line":144,"column":null}},"67":{"start":{"line":145,"column":12},"end":{"line":145,"column":null}},"68":{"start":{"line":149,"column":8},"end":{"line":149,"column":null}},"69":{"start":{"line":152,"column":8},"end":{"line":157,"column":null}},"70":{"start":{"line":153,"column":28},"end":{"line":153,"column":null}},"71":{"start":{"line":154,"column":10},"end":{"line":156,"column":null}},"72":{"start":{"line":155,"column":12},"end":{"line":155,"column":null}},"73":{"start":{"line":161,"column":21},"end":{"line":161,"column":null}},"74":{"start":{"line":162,"column":22},"end":{"line":162,"column":null}},"75":{"start":{"line":163,"column":19},"end":{"line":163,"column":null}},"76":{"start":{"line":164,"column":8},"end":{"line":178,"column":null}},"77":{"start":{"line":165,"column":10},"end":{"line":165,"column":null}},"78":{"start":{"line":166,"column":10},"end":{"line":177,"column":null}},"79":{"start":{"line":167,"column":24},"end":{"line":167,"column":null}},"80":{"start":{"line":168,"column":25},"end":{"line":168,"column":null}},"81":{"start":{"line":169,"column":26},"end":{"line":169,"column":null}},"82":{"start":{"line":170,"column":12},"end":{"line":175,"column":null}},"83":{"start":{"line":171,"column":14},"end":{"line":174,"column":null}},"84":{"start":{"line":176,"column":12},"end":{"line":176,"column":null}},"85":{"start":{"line":179,"column":8},"end":{"line":179,"column":null}},"86":{"start":{"line":183,"column":22},"end":{"line":183,"column":null}},"87":{"start":{"line":183,"column":61},"end":{"line":183,"column":75}},"88":{"start":{"line":184,"column":8},"end":{"line":184,"column":null}},"89":{"start":{"line":185,"column":8},"end":{"line":188,"column":null}},"90":{"start":{"line":186,"column":10},"end":{"line":186,"column":null}},"91":{"start":{"line":187,"column":10},"end":{"line":187,"column":null}},"92":{"start":{"line":189,"column":8},"end":{"line":189,"column":null}},"93":{"start":{"line":191,"column":25},"end":{"line":191,"column":null}},"94":{"start":{"line":192,"column":8},"end":{"line":198,"column":null}},"95":{"start":{"line":193,"column":10},"end":{"line":193,"column":null}},"96":{"start":{"line":194,"column":10},"end":{"line":197,"column":null}},"97":{"start":{"line":195,"column":12},"end":{"line":195,"column":null}},"98":{"start":{"line":196,"column":12},"end":{"line":196,"column":null}},"99":{"start":{"line":202,"column":8},"end":{"line":202,"column":null}},"100":{"start":{"line":202,"column":21},"end":{"line":202,"column":null}},"101":{"start":{"line":203,"column":8},"end":{"line":203,"column":null}},"102":{"start":{"line":204,"column":24},"end":{"line":204,"column":null}},"103":{"start":{"line":205,"column":25},"end":{"line":205,"column":null}},"104":{"start":{"line":206,"column":8},"end":{"line":206,"column":null}},"105":{"start":{"line":207,"column":8},"end":{"line":207,"column":null}},"106":{"start":{"line":208,"column":22},"end":{"line":208,"column":null}},"107":{"start":{"line":209,"column":19},"end":{"line":209,"column":null}},"108":{"start":{"line":210,"column":8},"end":{"line":210,"column":null}},"109":{"start":{"line":214,"column":8},"end":{"line":214,"column":null}},"110":{"start":{"line":215,"column":8},"end":{"line":218,"column":null}},"111":{"start":{"line":216,"column":10},"end":{"line":216,"column":null}},"112":{"start":{"line":217,"column":10},"end":{"line":217,"column":null}},"113":{"start":{"line":219,"column":24},"end":{"line":219,"column":null}},"114":{"start":{"line":220,"column":25},"end":{"line":220,"column":null}},"115":{"start":{"line":221,"column":8},"end":{"line":221,"column":null}},"116":{"start":{"line":221,"column":21},"end":{"line":221,"column":null}},"117":{"start":{"line":222,"column":8},"end":{"line":222,"column":null}},"118":{"start":{"line":222,"column":22},"end":{"line":222,"column":null}},"119":{"start":{"line":225,"column":6},"end":{"line":225,"column":null}},"120":{"start":{"line":226,"column":6},"end":{"line":226,"column":null}},"121":{"start":{"line":227,"column":6},"end":{"line":232,"column":null}},"122":{"start":{"line":228,"column":8},"end":{"line":228,"column":null}},"123":{"start":{"line":229,"column":8},"end":{"line":229,"column":null}},"124":{"start":{"line":230,"column":8},"end":{"line":230,"column":null}},"125":{"start":{"line":231,"column":8},"end":{"line":231,"column":null}},"126":{"start":{"line":235,"column":6},"end":{"line":235,"column":null}},"127":{"start":{"line":238,"column":6},"end":{"line":238,"column":null}},"128":{"start":{"line":242,"column":0},"end":{"line":242,"column":null}}},"fnMap":{"0":{"name":"escHtml","decl":{"start":{"line":35,"column":9},"end":{"line":35,"column":17}},"loc":{"start":{"line":35,"column":36},"end":{"line":37,"column":null}},"line":35},"1":{"name":"initVithi","decl":{"start":{"line":39,"column":9},"end":{"line":39,"column":19}},"loc":{"start":{"line":39,"column":49},"end":{"line":240,"column":null}},"line":39},"2":{"name":"(anonymous_2)","decl":{"start":{"line":43,"column":35},"end":{"line":43,"column":41}},"loc":{"start":{"line":43,"column":47},"end":{"line":43,"column":55}},"line":43},"3":{"name":"(anonymous_3)","decl":{"start":{"line":44,"column":44},"end":{"line":44,"column":50}},"loc":{"start":{"line":44,"column":56},"end":{"line":44,"column":64}},"line":44},"4":{"name":"(anonymous_4)","decl":{"start":{"line":45,"column":5},"end":{"line":45,"column":11}},"loc":{"start":{"line":45,"column":49},"end":{"line":236,"column":5}},"line":45},"5":{"name":"(anonymous_5)","decl":{"start":{"line":97,"column":29},"end":{"line":97,"column":44}},"loc":{"start":{"line":97,"column":44},"end":{"line":97,"column":60}},"line":97},"6":{"name":"selectDoor","decl":{"start":{"line":101,"column":15},"end":{"line":101,"column":26}},"loc":{"start":{"line":101,"column":44},"end":{"line":109,"column":null}},"line":101},"7":{"name":"(anonymous_7)","decl":{"start":{"line":106,"column":65},"end":{"line":106,"column":74}},"loc":{"start":{"line":106,"column":80},"end":{"line":108,"column":9}},"line":106},"8":{"name":"renderSequence","decl":{"start":{"line":111,"column":15},"end":{"line":111,"column":38}},"loc":{"start":{"line":111,"column":38},"end":{"line":158,"column":null}},"line":111},"9":{"name":"(anonymous_9)","decl":{"start":{"line":137,"column":31},"end":{"line":137,"column":46}},"loc":{"start":{"line":137,"column":46},"end":{"line":137,"column":60}},"line":137},"10":{"name":"showInfo","decl":{"start":{"line":160,"column":15},"end":{"line":160,"column":24}},"loc":{"start":{"line":160,"column":47},"end":{"line":180,"column":null}},"line":160},"11":{"name":"(anonymous_11)","decl":{"start":{"line":166,"column":69},"end":{"line":166,"column":74}},"loc":{"start":{"line":166,"column":92},"end":{"line":177,"column":11}},"line":166},"12":{"name":"stepForward","decl":{"start":{"line":182,"column":15},"end":{"line":182,"column":35}},"loc":{"start":{"line":182,"column":35},"end":{"line":199,"column":null}},"line":182},"13":{"name":"(anonymous_13)","decl":{"start":{"line":183,"column":43},"end":{"line":183,"column":51}},"loc":{"start":{"line":183,"column":61},"end":{"line":183,"column":75}},"line":183},"14":{"name":"startAnim","decl":{"start":{"line":201,"column":15},"end":{"line":201,"column":33}},"loc":{"start":{"line":201,"column":33},"end":{"line":211,"column":null}},"line":201},"15":{"name":"stopAnim","decl":{"start":{"line":213,"column":15},"end":{"line":213,"column":32}},"loc":{"start":{"line":213,"column":32},"end":{"line":223,"column":null}},"line":213},"16":{"name":"(anonymous_16)","decl":{"start":{"line":227,"column":64},"end":{"line":227,"column":79}},"loc":{"start":{"line":227,"column":79},"end":{"line":232,"column":7}},"line":227},"17":{"name":"(anonymous_17)","decl":{"start":{"line":237,"column":5},"end":{"line":237,"column":17}},"loc":{"start":{"line":237,"column":17},"end":{"line":239,"column":5}},"line":237}},"branchMap":{"0":{"loc":{"start":{"line":51,"column":6},"end":{"line":56,"column":null}},"type":"if","locations":[{"start":{"line":51,"column":6},"end":{"line":56,"column":null}},{"start":{},"end":{}}],"line":51},"1":{"loc":{"start":{"line":51,"column":10},"end":{"line":51,"column":40}},"type":"binary-expr","locations":[{"start":{"line":51,"column":10},"end":{"line":51,"column":21}},{"start":{"line":51,"column":21},"end":{"line":51,"column":40}}],"line":51},"2":{"loc":{"start":{"line":96,"column":40},"end":{"line":96,"column":null}},"type":"cond-expr","locations":[{"start":{"line":96,"column":72},"end":{"line":96,"column":87}},{"start":{"line":96,"column":87},"end":{"line":96,"column":null}}],"line":96},"3":{"loc":{"start":{"line":96,"column":40},"end":{"line":96,"column":72}},"type":"binary-expr","locations":[{"start":{"line":96,"column":40},"end":{"line":96,"column":57}},{"start":{"line":96,"column":57},"end":{"line":96,"column":72}}],"line":96},"4":{"loc":{"start":{"line":127,"column":39},"end":{"line":127,"column":null}},"type":"cond-expr","locations":[{"start":{"line":127,"column":57},"end":{"line":127,"column":74}},{"start":{"line":127,"column":74},"end":{"line":127,"column":null}}],"line":127},"5":{"loc":{"start":{"line":129,"column":10},"end":{"line":129,"column":null}},"type":"if","locations":[{"start":{"line":129,"column":10},"end":{"line":129,"column":null}},{"start":{},"end":{}}],"line":129},"6":{"loc":{"start":{"line":131,"column":29},"end":{"line":131,"column":null}},"type":"cond-expr","locations":[{"start":{"line":131,"column":61},"end":{"line":131,"column":76}},{"start":{"line":131,"column":76},"end":{"line":131,"column":null}}],"line":131},"7":{"loc":{"start":{"line":131,"column":29},"end":{"line":131,"column":61}},"type":"binary-expr","locations":[{"start":{"line":131,"column":29},"end":{"line":131,"column":46}},{"start":{"line":131,"column":46},"end":{"line":131,"column":61}}],"line":131},"8":{"loc":{"start":{"line":141,"column":10},"end":{"line":146,"column":null}},"type":"if","locations":[{"start":{"line":141,"column":10},"end":{"line":146,"column":null}},{"start":{},"end":{}}],"line":141},"9":{"loc":{"start":{"line":152,"column":8},"end":{"line":157,"column":null}},"type":"if","locations":[{"start":{"line":152,"column":8},"end":{"line":157,"column":null}},{"start":{},"end":{}}],"line":152},"10":{"loc":{"start":{"line":154,"column":10},"end":{"line":156,"column":null}},"type":"if","locations":[{"start":{"line":154,"column":10},"end":{"line":156,"column":null}},{"start":{},"end":{}}],"line":154},"11":{"loc":{"start":{"line":162,"column":22},"end":{"line":162,"column":null}},"type":"cond-expr","locations":[{"start":{"line":162,"column":54},"end":{"line":162,"column":69}},{"start":{"line":162,"column":69},"end":{"line":162,"column":null}}],"line":162},"12":{"loc":{"start":{"line":162,"column":22},"end":{"line":162,"column":54}},"type":"binary-expr","locations":[{"start":{"line":162,"column":22},"end":{"line":162,"column":39}},{"start":{"line":162,"column":39},"end":{"line":162,"column":54}}],"line":162},"13":{"loc":{"start":{"line":164,"column":8},"end":{"line":178,"column":null}},"type":"if","locations":[{"start":{"line":164,"column":8},"end":{"line":178,"column":null}},{"start":{},"end":{}}],"line":164},"14":{"loc":{"start":{"line":168,"column":25},"end":{"line":168,"column":null}},"type":"cond-expr","locations":[{"start":{"line":168,"column":31},"end":{"line":168,"column":42}},{"start":{"line":168,"column":42},"end":{"line":168,"column":null}}],"line":168},"15":{"loc":{"start":{"line":169,"column":26},"end":{"line":169,"column":null}},"type":"cond-expr","locations":[{"start":{"line":169,"column":33},"end":{"line":169,"column":76}},{"start":{"line":169,"column":76},"end":{"line":169,"column":null}}],"line":169},"16":{"loc":{"start":{"line":169,"column":33},"end":{"line":169,"column":76}},"type":"cond-expr","locations":[{"start":{"line":169,"column":49},"end":{"line":169,"column":62}},{"start":{"line":169,"column":62},"end":{"line":169,"column":76}}],"line":169},"17":{"loc":{"start":{"line":170,"column":12},"end":{"line":175,"column":null}},"type":"if","locations":[{"start":{"line":170,"column":12},"end":{"line":175,"column":null}},{"start":{},"end":{}}],"line":170},"18":{"loc":{"start":{"line":185,"column":8},"end":{"line":188,"column":null}},"type":"if","locations":[{"start":{"line":185,"column":8},"end":{"line":188,"column":null}},{"start":{},"end":{}}],"line":185},"19":{"loc":{"start":{"line":194,"column":10},"end":{"line":197,"column":null}},"type":"if","locations":[{"start":{"line":194,"column":10},"end":{"line":197,"column":null}},{"start":{},"end":{}}],"line":194},"20":{"loc":{"start":{"line":202,"column":8},"end":{"line":202,"column":null}},"type":"if","locations":[{"start":{"line":202,"column":8},"end":{"line":202,"column":null}},{"start":{},"end":{}}],"line":202},"21":{"loc":{"start":{"line":215,"column":8},"end":{"line":218,"column":null}},"type":"if","locations":[{"start":{"line":215,"column":8},"end":{"line":218,"column":null}},{"start":{},"end":{}}],"line":215},"22":{"loc":{"start":{"line":221,"column":8},"end":{"line":221,"column":null}},"type":"if","locations":[{"start":{"line":221,"column":8},"end":{"line":221,"column":null}},{"start":{},"end":{}}],"line":221},"23":{"loc":{"start":{"line":222,"column":8},"end":{"line":222,"column":null}},"type":"if","locations":[{"start":{"line":222,"column":8},"end":{"line":222,"column":null}},{"start":{},"end":{}}],"line":222}},"s":{"0":0,"1":2,"2":2,"3":1,"4":1,"5":1,"6":1,"7":1,"8":1,"9":0,"10":0,"11":0,"12":1,"13":1,"14":1,"15":1,"16":1,"17":1,"18":1,"19":1,"20":1,"21":1,"22":1,"23":1,"24":1,"25":1,"26":1,"27":1,"28":1,"29":1,"30":0,"31":0,"32":0,"33":0,"34":0,"35":0,"36":0,"37":0,"38":0,"39":0,"40":0,"41":0,"42":0,"43":0,"44":0,"45":0,"46":0,"47":0,"48":0,"49":0,"50":0,"51":0,"52":0,"53":0,"54":0,"55":0,"56":0,"57":0,"58":0,"59":0,"60":0,"61":0,"62":0,"63":0,"64":0,"65":0,"66":0,"67":0,"68":0,"69":0,"70":0,"71":0,"72":0,"73":0,"74":0,"75":0,"76":0,"77":0,"78":0,"79":0,"80":0,"81":0,"82":0,"83":0,"84":0,"85":0,"86":0,"87":0,"88":0,"89":0,"90":0,"91":0,"92":0,"93":0,"94":0,"95":0,"96":0,"97":0,"98":0,"99":0,"100":0,"101":0,"102":0,"103":0,"104":0,"105":0,"106":0,"107":0,"108":0,"109":0,"110":0,"111":0,"112":0,"113":0,"114":0,"115":0,"116":0,"117":0,"118":0,"119":0,"120":0,"121":0,"122":0,"123":0,"124":0,"125":0,"126":0,"127":2,"128":2},"f":{"0":0,"1":2,"2":1,"3":1,"4":1,"5":0,"6":0,"7":0,"8":0,"9":0,"10":0,"11":0,"12":0,"13":0,"14":0,"15":0,"16":0,"17":2},"b":{"0":[0,1],"1":[1,1],"2":[0,0],"3":[0,0],"4":[0,0],"5":[0,0],"6":[0,0],"7":[0,0],"8":[0,0],"9":[0,0],"10":[0,0],"11":[0,0],"12":[0,0],"13":[0,0],"14":[0,0],"15":[0,0],"16":[0,0],"17":[0,0],"18":[0,0],"19":[0,0],"20":[0,0],"21":[0,0],"22":[0,0],"23":[0,0]},"meta":{"lastBranch":24,"lastFunction":18,"lastStatement":129,"seen":{"f:35:9:35:17":0,"s:36:2:36:Infinity":0,"f:39:9:39:19":1,"s:40:2:40:Infinity":1,"s:42:2:239:Infinity":2,"f:43:35:43:41":2,"s:43:47:43:55":3,"f:44:44:44:50":3,"s:44:56:44:64":4,"f:45:5:45:11":4,"s:46:19:46:Infinity":5,"s:47:6:47:Infinity":6,"s:50:45:50:Infinity":7,"b:51:6:56:Infinity:undefined:undefined:undefined:undefined":0,"s:51:6:56:Infinity":8,"b:51:10:51:21:51:21:51:40":1,"s:52:8:55:Infinity":9,"s:53:22:53:Infinity":10,"s:54:10:54:Infinity":11,"s:59:22:59:Infinity":12,"s:60:6:60:Infinity":13,"s:61:6:61:Infinity":14,"s:64:22:64:Infinity":15,"s:65:6:65:Infinity":16,"s:66:6:66:Infinity":17,"s:69:24:69:Infinity":18,"s:70:6:70:Infinity":19,"s:71:6:71:Infinity":20,"s:74:23:74:Infinity":21,"s:75:6:75:Infinity":22,"s:76:6:80:Infinity":23,"s:84:6:84:Infinity":24,"s:86:30:86:Infinity":25,"s:87:22:87:Infinity":26,"s:88:37:88:Infinity":27,"s:89:20:89:Infinity":28,"s:92:6:99:Infinity":29,"s:93:20:93:Infinity":30,"s:94:8:94:Infinity":31,"s:95:8:95:Infinity":32,"s:96:8:96:Infinity":33,"b:96:72:96:87:96:87:96:Infinity":2,"b:96:40:96:57:96:57:96:72":3,"s:97:8:97:Infinity":34,"f:97:29:97:44":5,"s:97:44:97:60":35,"s:98:8:98:Infinity":36,"f:101:15:101:26":6,"s:102:8:102:Infinity":37,"s:103:8:103:Infinity":38,"s:104:8:104:Infinity":39,"s:105:8:105:Infinity":40,"s:106:8:108:Infinity":41,"f:106:65:106:74":7,"s:107:10:107:Infinity":42,"f:111:15:111:38":8,"s:113:61:113:Infinity":43,"s:114:18:114:Infinity":44,"s:115:8:119:Infinity":45,"s:116:10:118:Infinity":46,"s:116:23:116:26":47,"s:117:12:117:Infinity":48,"s:121:8:121:Infinity":49,"s:122:22:122:Infinity":50,"s:123:8:123:Infinity":51,"s:125:8:147:Infinity":52,"s:126:22:126:Infinity":53,"s:127:10:127:Infinity":54,"b:127:57:127:74:127:74:127:Infinity":4,"s:128:10:128:Infinity":55,"b:129:10:129:Infinity:undefined:undefined:undefined:undefined":5,"s:129:10:129:Infinity":56,"s:129:31:129:Infinity":57,"s:131:29:131:Infinity":58,"b:131:61:131:76:131:76:131:Infinity":6,"b:131:29:131:46:131:46:131:61":7,"s:132:10:135:Infinity":59,"s:137:10:137:Infinity":60,"f:137:31:137:46":9,"s:137:46:137:60":61,"s:138:10:138:Infinity":62,"b:141:10:146:Infinity:undefined:undefined:undefined:undefined":8,"s:141:10:146:Infinity":63,"s:142:26:142:Infinity":64,"s:143:12:143:Infinity":65,"s:144:12:144:Infinity":66,"s:145:12:145:Infinity":67,"s:149:8:149:Infinity":68,"b:152:8:157:Infinity:undefined:undefined:undefined:undefined":9,"s:152:8:157:Infinity":69,"s:153:28:153:Infinity":70,"b:154:10:156:Infinity:undefined:undefined:undefined:undefined":10,"s:154:10:156:Infinity":71,"s:155:12:155:Infinity":72,"f:160:15:160:24":10,"s:161:21:161:Infinity":73,"s:162:22:162:Infinity":74,"b:162:54:162:69:162:69:162:Infinity":11,"b:162:22:162:39:162:39:162:54":12,"s:163:19:163:Infinity":75,"b:164:8:178:Infinity:undefined:undefined:undefined:undefined":13,"s:164:8:178:Infinity":76,"s:165:10:165:Infinity":77,"s:166:10:177:Infinity":78,"f:166:69:166:74":11,"s:167:24:167:Infinity":79,"s:168:25:168:Infinity":80,"b:168:31:168:42:168:42:168:Infinity":14,"s:169:26:169:Infinity":81,"b:169:33:169:76:169:76:169:Infinity":15,"b:169:49:169:62:169:62:169:76":16,"b:170:12:175:Infinity:undefined:undefined:undefined:undefined":17,"s:170:12:175:Infinity":82,"s:171:14:174:Infinity":83,"s:176:12:176:Infinity":84,"s:179:8:179:Infinity":85,"f:182:15:182:35":12,"s:183:22:183:Infinity":86,"f:183:43:183:51":13,"s:183:61:183:75":87,"s:184:8:184:Infinity":88,"b:185:8:188:Infinity:undefined:undefined:undefined:undefined":18,"s:185:8:188:Infinity":89,"s:186:10:186:Infinity":90,"s:187:10:187:Infinity":91,"s:189:8:189:Infinity":92,"s:191:25:191:Infinity":93,"s:192:8:198:Infinity":94,"s:193:10:193:Infinity":95,"b:194:10:197:Infinity:undefined:undefined:undefined:undefined":19,"s:194:10:197:Infinity":96,"s:195:12:195:Infinity":97,"s:196:12:196:Infinity":98,"f:201:15:201:33":14,"b:202:8:202:Infinity:undefined:undefined:undefined:undefined":20,"s:202:8:202:Infinity":99,"s:202:21:202:Infinity":100,"s:203:8:203:Infinity":101,"s:204:24:204:Infinity":102,"s:205:25:205:Infinity":103,"s:206:8:206:Infinity":104,"s:207:8:207:Infinity":105,"s:208:22:208:Infinity":106,"s:209:19:209:Infinity":107,"s:210:8:210:Infinity":108,"f:213:15:213:32":15,"s:214:8:214:Infinity":109,"b:215:8:218:Infinity:undefined:undefined:undefined:undefined":21,"s:215:8:218:Infinity":110,"s:216:10:216:Infinity":111,"s:217:10:217:Infinity":112,"s:219:24:219:Infinity":113,"s:220:25:220:Infinity":114,"b:221:8:221:Infinity:undefined:undefined:undefined:undefined":22,"s:221:8:221:Infinity":115,"s:221:21:221:Infinity":116,"b:222:8:222:Infinity:undefined:undefined:undefined:undefined":23,"s:222:8:222:Infinity":117,"s:222:22:222:Infinity":118,"s:225:6:225:Infinity":119,"s:226:6:226:Infinity":120,"s:227:6:232:Infinity":121,"f:227:64:227:79":16,"s:228:8:228:Infinity":122,"s:229:8:229:Infinity":123,"s:230:8:230:Infinity":124,"s:231:8:231:Infinity":125,"s:235:6:235:Infinity":126,"f:237:5:237:17":17,"s:238:6:238:Infinity":127,"s:242:0:242:Infinity":128},"fnNames":{}}}
}
